<?xml version="1.0" encoding="UTF-8"?>
<testsuite xmlns:xsi="http://www.w3.org/2001/XMLSchema-instance" xsi:noNamespaceSchemaLocation="https://maven.apache.org/surefire/maven-surefire-plugin/xsd/surefire-test-report.xsd" version="3.0.2" name="com.example.chat_app.ChatAppApplicationTests" time="2.909" tests="1" errors="0" skipped="0" failures="0">
  <properties>
    <property name="java.specification.version" value="23"/>
    <property name="sun.jnu.encoding" value="UTF-8"/>
    <property name="java.class.path" value="/Users/dimakulakov/Desktop/web/Coursework-web/backend/target/test-classes:/Users/dimakulakov/Desktop/web/Coursework-web/backend/target/classes:/Users/dimakulakov/.m2/repository/org/springframework/boot/spring-boot-starter-data-jpa/3.4.4/spring-boot-starter-data-jpa-3.4.4.jar:/Users/dimakulakov/.m2/repository/org/springframework/boot/spring-boot-starter/3.4.4/spring-boot-starter-3.4.4.jar:/Users/dimakulakov/.m2/repository/org/springframework/boot/spring-boot/3.4.4/spring-boot-3.4.4.jar:/Users/dimakulakov/.m2/repository/org/springframework/boot/spring-boot-autoconfigure/3.4.4/spring-boot-autoconfigure-3.4.4.jar:/Users/dimakulakov/.m2/repository/org/springframework/boot/spring-boot-starter-logging/3.4.4/spring-boot-starter-logging-3.4.4.jar:/Users/dimakulakov/.m2/repository/ch/qos/logback/logback-classic/1.5.18/logback-classic-1.5.18.jar:/Users/dimakulakov/.m2/repository/ch/qos/logback/logback-core/1.5.18/logback-core-1.5.18.jar:/Users/dimakulakov/.m2/repository/org/apache/logging/log4j/log4j-to-slf4j/2.24.3/log4j-to-slf4j-2.24.3.jar:/Users/dimakulakov/.m2/repository/org/apache/logging/log4j/log4j-api/2.24.3/log4j-api-2.24.3.jar:/Users/dimakulakov/.m2/repository/org/slf4j/jul-to-slf4j/2.0.17/jul-to-slf4j-2.0.17.jar:/Users/dimakulakov/.m2/repository/jakarta/annotation/jakarta.annotation-api/2.1.1/jakarta.annotation-api-2.1.1.jar:/Users/dimakulakov/.m2/repository/org/yaml/snakeyaml/2.3/snakeyaml-2.3.jar:/Users/dimakulakov/.m2/repository/org/springframework/boot/spring-boot-starter-jdbc/3.4.4/spring-boot-starter-jdbc-3.4.4.jar:/Users/dimakulakov/.m2/repository/com/zaxxer/HikariCP/5.1.0/HikariCP-5.1.0.jar:/Users/dimakulakov/.m2/repository/org/springframework/spring-jdbc/6.2.5/spring-jdbc-6.2.5.jar:/Users/dimakulakov/.m2/repository/org/hibernate/orm/hibernate-core/6.6.11.Final/hibernate-core-6.6.11.Final.jar:/Users/dimakulakov/.m2/repository/jakarta/persistence/jakarta.persistence-api/3.1.0/jakarta.persistence-api-3.1.0.jar:/Users/dimakulakov/.m2/repository/jakarta/transaction/jakarta.transaction-api/2.0.1/jakarta.transaction-api-2.0.1.jar:/Users/dimakulakov/.m2/repository/org/jboss/logging/jboss-logging/3.6.1.Final/jboss-logging-3.6.1.Final.jar:/Users/dimakulakov/.m2/repository/org/hibernate/common/hibernate-commons-annotations/7.0.3.Final/hibernate-commons-annotations-7.0.3.Final.jar:/Users/dimakulakov/.m2/repository/io/smallrye/jandex/3.2.0/jandex-3.2.0.jar:/Users/dimakulakov/.m2/repository/com/fasterxml/classmate/1.7.0/classmate-1.7.0.jar:/Users/dimakulakov/.m2/repository/net/bytebuddy/byte-buddy/1.15.11/byte-buddy-1.15.11.jar:/Users/dimakulakov/.m2/repository/org/glassfish/jaxb/jaxb-runtime/4.0.5/jaxb-runtime-4.0.5.jar:/Users/dimakulakov/.m2/repository/org/glassfish/jaxb/jaxb-core/4.0.5/jaxb-core-4.0.5.jar:/Users/dimakulakov/.m2/repository/org/eclipse/angus/angus-activation/2.0.2/angus-activation-2.0.2.jar:/Users/dimakulakov/.m2/repository/org/glassfish/jaxb/txw2/4.0.5/txw2-4.0.5.jar:/Users/dimakulakov/.m2/repository/com/sun/istack/istack-commons-runtime/4.1.2/istack-commons-runtime-4.1.2.jar:/Users/dimakulakov/.m2/repository/jakarta/inject/jakarta.inject-api/2.0.1/jakarta.inject-api-2.0.1.jar:/Users/dimakulakov/.m2/repository/org/antlr/antlr4-runtime/4.13.0/antlr4-runtime-4.13.0.jar:/Users/dimakulakov/.m2/repository/org/springframework/data/spring-data-jpa/3.4.4/spring-data-jpa-3.4.4.jar:/Users/dimakulakov/.m2/repository/org/springframework/data/spring-data-commons/3.4.4/spring-data-commons-3.4.4.jar:/Users/dimakulakov/.m2/repository/org/springframework/spring-orm/6.2.5/spring-orm-6.2.5.jar:/Users/dimakulakov/.m2/repository/org/springframework/spring-context/6.2.5/spring-context-6.2.5.jar:/Users/dimakulakov/.m2/repository/org/springframework/spring-aop/6.2.5/spring-aop-6.2.5.jar:/Users/dimakulakov/.m2/repository/org/springframework/spring-tx/6.2.5/spring-tx-6.2.5.jar:/Users/dimakulakov/.m2/repository/org/springframework/spring-beans/6.2.5/spring-beans-6.2.5.jar:/Users/dimakulakov/.m2/repository/org/slf4j/slf4j-api/2.0.17/slf4j-api-2.0.17.jar:/Users/dimakulakov/.m2/repository/org/springframework/spring-aspects/6.2.5/spring-aspects-6.2.5.jar:/Users/dimakulakov/.m2/repository/org/aspectj/aspectjweaver/1.9.23/aspectjweaver-1.9.23.jar:/Users/dimakulakov/.m2/repository/org/springframework/boot/spring-boot-starter-web/3.4.4/spring-boot-starter-web-3.4.4.jar:/Users/dimakulakov/.m2/repository/org/springframework/boot/spring-boot-starter-json/3.4.4/spring-boot-starter-json-3.4.4.jar:/Users/dimakulakov/.m2/repository/com/fasterxml/jackson/core/jackson-databind/2.18.3/jackson-databind-2.18.3.jar:/Users/dimakulakov/.m2/repository/com/fasterxml/jackson/core/jackson-annotations/2.18.3/jackson-annotations-2.18.3.jar:/Users/dimakulakov/.m2/repository/com/fasterxml/jackson/core/jackson-core/2.18.3/jackson-core-2.18.3.jar:/Users/dimakulakov/.m2/repository/com/fasterxml/jackson/datatype/jackson-datatype-jdk8/2.18.3/jackson-datatype-jdk8-2.18.3.jar:/Users/dimakulakov/.m2/repository/com/fasterxml/jackson/datatype/jackson-datatype-jsr310/2.18.3/jackson-datatype-jsr310-2.18.3.jar:/Users/dimakulakov/.m2/repository/com/fasterxml/jackson/module/jackson-module-parameter-names/2.18.3/jackson-module-parameter-names-2.18.3.jar:/Users/dimakulakov/.m2/repository/org/springframework/boot/spring-boot-starter-tomcat/3.4.4/spring-boot-starter-tomcat-3.4.4.jar:/Users/dimakulakov/.m2/repository/org/apache/tomcat/embed/tomcat-embed-core/10.1.39/tomcat-embed-core-10.1.39.jar:/Users/dimakulakov/.m2/repository/org/apache/tomcat/embed/tomcat-embed-el/10.1.39/tomcat-embed-el-10.1.39.jar:/Users/dimakulakov/.m2/repository/org/apache/tomcat/embed/tomcat-embed-websocket/10.1.39/tomcat-embed-websocket-10.1.39.jar:/Users/dimakulakov/.m2/repository/org/springframework/spring-web/6.2.5/spring-web-6.2.5.jar:/Users/dimakulakov/.m2/repository/io/micrometer/micrometer-observation/1.14.5/micrometer-observation-1.14.5.jar:/Users/dimakulakov/.m2/repository/io/micrometer/micrometer-commons/1.14.5/micrometer-commons-1.14.5.jar:/Users/dimakulakov/.m2/repository/org/springframework/spring-webmvc/6.2.5/spring-webmvc-6.2.5.jar:/Users/dimakulakov/.m2/repository/org/springframework/spring-expression/6.2.5/spring-expression-6.2.5.jar:/Users/dimakulakov/.m2/repository/org/postgresql/postgresql/42.7.5/postgresql-42.7.5.jar:/Users/dimakulakov/.m2/repository/org/checkerframework/checker-qual/3.48.3/checker-qual-3.48.3.jar:/Users/dimakulakov/.m2/repository/org/projectlombok/lombok/1.18.32/lombok-1.18.32.jar:/Users/dimakulakov/.m2/repository/org/mapstruct/mapstruct/1.5.5.Final/mapstruct-1.5.5.Final.jar:/Users/dimakulakov/.m2/repository/org/mapstruct/mapstruct-processor/1.5.5.Final/mapstruct-processor-1.5.5.Final.jar:/Users/dimakulakov/.m2/repository/org/springframework/boot/spring-boot-starter-test/3.4.4/spring-boot-starter-test-3.4.4.jar:/Users/dimakulakov/.m2/repository/org/springframework/boot/spring-boot-test/3.4.4/spring-boot-test-3.4.4.jar:/Users/dimakulakov/.m2/repository/org/springframework/boot/spring-boot-test-autoconfigure/3.4.4/spring-boot-test-autoconfigure-3.4.4.jar:/Users/dimakulakov/.m2/repository/com/jayway/jsonpath/json-path/2.9.0/json-path-2.9.0.jar:/Users/dimakulakov/.m2/repository/jakarta/xml/bind/jakarta.xml.bind-api/4.0.2/jakarta.xml.bind-api-4.0.2.jar:/Users/dimakulakov/.m2/repository/jakarta/activation/jakarta.activation-api/2.1.3/jakarta.activation-api-2.1.3.jar:/Users/dimakulakov/.m2/repository/net/minidev/json-smart/2.5.2/json-smart-2.5.2.jar:/Users/dimakulakov/.m2/repository/net/minidev/accessors-smart/2.5.2/accessors-smart-2.5.2.jar:/Users/dimakulakov/.m2/repository/org/ow2/asm/asm/9.7.1/asm-9.7.1.jar:/Users/dimakulakov/.m2/repository/org/assertj/assertj-core/3.26.3/assertj-core-3.26.3.jar:/Users/dimakulakov/.m2/repository/org/awaitility/awaitility/4.2.2/awaitility-4.2.2.jar:/Users/dimakulakov/.m2/repository/org/hamcrest/hamcrest/2.2/hamcrest-2.2.jar:/Users/dimakulakov/.m2/repository/org/junit/jupiter/junit-jupiter/5.11.4/junit-jupiter-5.11.4.jar:/Users/dimakulakov/.m2/repository/org/junit/jupiter/junit-jupiter-api/5.11.4/junit-jupiter-api-5.11.4.jar:/Users/dimakulakov/.m2/repository/org/opentest4j/opentest4j/1.3.0/opentest4j-1.3.0.jar:/Users/dimakulakov/.m2/repository/org/junit/platform/junit-platform-commons/1.11.4/junit-platform-commons-1.11.4.jar:/Users/dimakulakov/.m2/repository/org/apiguardian/apiguardian-api/1.1.2/apiguardian-api-1.1.2.jar:/Users/dimakulakov/.m2/repository/org/junit/jupiter/junit-jupiter-params/5.11.4/junit-jupiter-params-5.11.4.jar:/Users/dimakulakov/.m2/repository/org/junit/jupiter/junit-jupiter-engine/5.11.4/junit-jupiter-engine-5.11.4.jar:/Users/dimakulakov/.m2/repository/org/junit/platform/junit-platform-engine/1.11.4/junit-platform-engine-1.11.4.jar:/Users/dimakulakov/.m2/repository/org/mockito/mockito-core/5.14.2/mockito-core-5.14.2.jar:/Users/dimakulakov/.m2/repository/net/bytebuddy/byte-buddy-agent/1.15.11/byte-buddy-agent-1.15.11.jar:/Users/dimakulakov/.m2/repository/org/objenesis/objenesis/3.3/objenesis-3.3.jar:/Users/dimakulakov/.m2/repository/org/mockito/mockito-junit-jupiter/5.14.2/mockito-junit-jupiter-5.14.2.jar:/Users/dimakulakov/.m2/repository/org/skyscreamer/jsonassert/1.5.3/jsonassert-1.5.3.jar:/Users/dimakulakov/.m2/repository/com/vaadin/external/google/android-json/0.0.20131108.vaadin1/android-json-0.0.20131108.vaadin1.jar:/Users/dimakulakov/.m2/repository/org/springframework/spring-core/6.2.5/spring-core-6.2.5.jar:/Users/dimakulakov/.m2/repository/org/springframework/spring-jcl/6.2.5/spring-jcl-6.2.5.jar:/Users/dimakulakov/.m2/repository/org/springframework/spring-test/6.2.5/spring-test-6.2.5.jar:/Users/dimakulakov/.m2/repository/org/xmlunit/xmlunit-core/2.10.0/xmlunit-core-2.10.0.jar:/Users/dimakulakov/.m2/repository/org/springframework/boot/spring-boot-starter-websocket/3.4.4/spring-boot-starter-websocket-3.4.4.jar:/Users/dimakulakov/.m2/repository/org/springframework/spring-messaging/6.2.5/spring-messaging-6.2.5.jar:/Users/dimakulakov/.m2/repository/org/springframework/spring-websocket/6.2.5/spring-websocket-6.2.5.jar:"/>
    <property name="java.vm.vendor" value="Homebrew"/>
    <property name="sun.arch.data.model" value="64"/>
    <property name="java.vendor.url" value="https://github.com/Homebrew/homebrew-core/issues"/>
    <property name="user.timezone" value="Europe/Samara"/>
    <property name="org.jboss.logging.provider" value="slf4j"/>
    <property name="os.name" value="Mac OS X"/>
    <property name="java.vm.specification.version" value="23"/>
    <property name="APPLICATION_NAME" value="chat-app"/>
    <property name="sun.java.launcher" value="SUN_STANDARD"/>
    <property name="user.country" value="RU"/>
    <property name="sun.boot.library.path" value="/opt/homebrew/Cellar/openjdk/23.0.2/libexec/openjdk.jdk/Contents/Home/lib"/>
    <property name="sun.java.command" value="/Users/dimakulakov/Desktop/web/Coursework-web/backend/target/surefire/surefirebooter-20250421144111879_3.jar /Users/dimakulakov/Desktop/web/Coursework-web/backend/target/surefire 2025-04-21T14-41-11_829-jvmRun1 surefire-20250421144111879_1tmp surefire_0-20250421144111879_2tmp"/>
    <property name="http.nonProxyHosts" value="local|*.local|169.254/16|*.169.254/16"/>
    <property name="jdk.debug" value="release"/>
    <property name="surefire.test.class.path" value="/Users/dimakulakov/Desktop/web/Coursework-web/backend/target/test-classes:/Users/dimakulakov/Desktop/web/Coursework-web/backend/target/classes:/Users/dimakulakov/.m2/repository/org/springframework/boot/spring-boot-starter-data-jpa/3.4.4/spring-boot-starter-data-jpa-3.4.4.jar:/Users/dimakulakov/.m2/repository/org/springframework/boot/spring-boot-starter/3.4.4/spring-boot-starter-3.4.4.jar:/Users/dimakulakov/.m2/repository/org/springframework/boot/spring-boot/3.4.4/spring-boot-3.4.4.jar:/Users/dimakulakov/.m2/repository/org/springframework/boot/spring-boot-autoconfigure/3.4.4/spring-boot-autoconfigure-3.4.4.jar:/Users/dimakulakov/.m2/repository/org/springframework/boot/spring-boot-starter-logging/3.4.4/spring-boot-starter-logging-3.4.4.jar:/Users/dimakulakov/.m2/repository/ch/qos/logback/logback-classic/1.5.18/logback-classic-1.5.18.jar:/Users/dimakulakov/.m2/repository/ch/qos/logback/logback-core/1.5.18/logback-core-1.5.18.jar:/Users/dimakulakov/.m2/repository/org/apache/logging/log4j/log4j-to-slf4j/2.24.3/log4j-to-slf4j-2.24.3.jar:/Users/dimakulakov/.m2/repository/org/apache/logging/log4j/log4j-api/2.24.3/log4j-api-2.24.3.jar:/Users/dimakulakov/.m2/repository/org/slf4j/jul-to-slf4j/2.0.17/jul-to-slf4j-2.0.17.jar:/Users/dimakulakov/.m2/repository/jakarta/annotation/jakarta.annotation-api/2.1.1/jakarta.annotation-api-2.1.1.jar:/Users/dimakulakov/.m2/repository/org/yaml/snakeyaml/2.3/snakeyaml-2.3.jar:/Users/dimakulakov/.m2/repository/org/springframework/boot/spring-boot-starter-jdbc/3.4.4/spring-boot-starter-jdbc-3.4.4.jar:/Users/dimakulakov/.m2/repository/com/zaxxer/HikariCP/5.1.0/HikariCP-5.1.0.jar:/Users/dimakulakov/.m2/repository/org/springframework/spring-jdbc/6.2.5/spring-jdbc-6.2.5.jar:/Users/dimakulakov/.m2/repository/org/hibernate/orm/hibernate-core/6.6.11.Final/hibernate-core-6.6.11.Final.jar:/Users/dimakulakov/.m2/repository/jakarta/persistence/jakarta.persistence-api/3.1.0/jakarta.persistence-api-3.1.0.jar:/Users/dimakulakov/.m2/repository/jakarta/transaction/jakarta.transaction-api/2.0.1/jakarta.transaction-api-2.0.1.jar:/Users/dimakulakov/.m2/repository/org/jboss/logging/jboss-logging/3.6.1.Final/jboss-logging-3.6.1.Final.jar:/Users/dimakulakov/.m2/repository/org/hibernate/common/hibernate-commons-annotations/7.0.3.Final/hibernate-commons-annotations-7.0.3.Final.jar:/Users/dimakulakov/.m2/repository/io/smallrye/jandex/3.2.0/jandex-3.2.0.jar:/Users/dimakulakov/.m2/repository/com/fasterxml/classmate/1.7.0/classmate-1.7.0.jar:/Users/dimakulakov/.m2/repository/net/bytebuddy/byte-buddy/1.15.11/byte-buddy-1.15.11.jar:/Users/dimakulakov/.m2/repository/org/glassfish/jaxb/jaxb-runtime/4.0.5/jaxb-runtime-4.0.5.jar:/Users/dimakulakov/.m2/repository/org/glassfish/jaxb/jaxb-core/4.0.5/jaxb-core-4.0.5.jar:/Users/dimakulakov/.m2/repository/org/eclipse/angus/angus-activation/2.0.2/angus-activation-2.0.2.jar:/Users/dimakulakov/.m2/repository/org/glassfish/jaxb/txw2/4.0.5/txw2-4.0.5.jar:/Users/dimakulakov/.m2/repository/com/sun/istack/istack-commons-runtime/4.1.2/istack-commons-runtime-4.1.2.jar:/Users/dimakulakov/.m2/repository/jakarta/inject/jakarta.inject-api/2.0.1/jakarta.inject-api-2.0.1.jar:/Users/dimakulakov/.m2/repository/org/antlr/antlr4-runtime/4.13.0/antlr4-runtime-4.13.0.jar:/Users/dimakulakov/.m2/repository/org/springframework/data/spring-data-jpa/3.4.4/spring-data-jpa-3.4.4.jar:/Users/dimakulakov/.m2/repository/org/springframework/data/spring-data-commons/3.4.4/spring-data-commons-3.4.4.jar:/Users/dimakulakov/.m2/repository/org/springframework/spring-orm/6.2.5/spring-orm-6.2.5.jar:/Users/dimakulakov/.m2/repository/org/springframework/spring-context/6.2.5/spring-context-6.2.5.jar:/Users/dimakulakov/.m2/repository/org/springframework/spring-aop/6.2.5/spring-aop-6.2.5.jar:/Users/dimakulakov/.m2/repository/org/springframework/spring-tx/6.2.5/spring-tx-6.2.5.jar:/Users/dimakulakov/.m2/repository/org/springframework/spring-beans/6.2.5/spring-beans-6.2.5.jar:/Users/dimakulakov/.m2/repository/org/slf4j/slf4j-api/2.0.17/slf4j-api-2.0.17.jar:/Users/dimakulakov/.m2/repository/org/springframework/spring-aspects/6.2.5/spring-aspects-6.2.5.jar:/Users/dimakulakov/.m2/repository/org/aspectj/aspectjweaver/1.9.23/aspectjweaver-1.9.23.jar:/Users/dimakulakov/.m2/repository/org/springframework/boot/spring-boot-starter-web/3.4.4/spring-boot-starter-web-3.4.4.jar:/Users/dimakulakov/.m2/repository/org/springframework/boot/spring-boot-starter-json/3.4.4/spring-boot-starter-json-3.4.4.jar:/Users/dimakulakov/.m2/repository/com/fasterxml/jackson/core/jackson-databind/2.18.3/jackson-databind-2.18.3.jar:/Users/dimakulakov/.m2/repository/com/fasterxml/jackson/core/jackson-annotations/2.18.3/jackson-annotations-2.18.3.jar:/Users/dimakulakov/.m2/repository/com/fasterxml/jackson/core/jackson-core/2.18.3/jackson-core-2.18.3.jar:/Users/dimakulakov/.m2/repository/com/fasterxml/jackson/datatype/jackson-datatype-jdk8/2.18.3/jackson-datatype-jdk8-2.18.3.jar:/Users/dimakulakov/.m2/repository/com/fasterxml/jackson/datatype/jackson-datatype-jsr310/2.18.3/jackson-datatype-jsr310-2.18.3.jar:/Users/dimakulakov/.m2/repository/com/fasterxml/jackson/module/jackson-module-parameter-names/2.18.3/jackson-module-parameter-names-2.18.3.jar:/Users/dimakulakov/.m2/repository/org/springframework/boot/spring-boot-starter-tomcat/3.4.4/spring-boot-starter-tomcat-3.4.4.jar:/Users/dimakulakov/.m2/repository/org/apache/tomcat/embed/tomcat-embed-core/10.1.39/tomcat-embed-core-10.1.39.jar:/Users/dimakulakov/.m2/repository/org/apache/tomcat/embed/tomcat-embed-el/10.1.39/tomcat-embed-el-10.1.39.jar:/Users/dimakulakov/.m2/repository/org/apache/tomcat/embed/tomcat-embed-websocket/10.1.39/tomcat-embed-websocket-10.1.39.jar:/Users/dimakulakov/.m2/repository/org/springframework/spring-web/6.2.5/spring-web-6.2.5.jar:/Users/dimakulakov/.m2/repository/io/micrometer/micrometer-observation/1.14.5/micrometer-observation-1.14.5.jar:/Users/dimakulakov/.m2/repository/io/micrometer/micrometer-commons/1.14.5/micrometer-commons-1.14.5.jar:/Users/dimakulakov/.m2/repository/org/springframework/spring-webmvc/6.2.5/spring-webmvc-6.2.5.jar:/Users/dimakulakov/.m2/repository/org/springframework/spring-expression/6.2.5/spring-expression-6.2.5.jar:/Users/dimakulakov/.m2/repository/org/postgresql/postgresql/42.7.5/postgresql-42.7.5.jar:/Users/dimakulakov/.m2/repository/org/checkerframework/checker-qual/3.48.3/checker-qual-3.48.3.jar:/Users/dimakulakov/.m2/repository/org/projectlombok/lombok/1.18.32/lombok-1.18.32.jar:/Users/dimakulakov/.m2/repository/org/mapstruct/mapstruct/1.5.5.Final/mapstruct-1.5.5.Final.jar:/Users/dimakulakov/.m2/repository/org/mapstruct/mapstruct-processor/1.5.5.Final/mapstruct-processor-1.5.5.Final.jar:/Users/dimakulakov/.m2/repository/org/springframework/boot/spring-boot-starter-test/3.4.4/spring-boot-starter-test-3.4.4.jar:/Users/dimakulakov/.m2/repository/org/springframework/boot/spring-boot-test/3.4.4/spring-boot-test-3.4.4.jar:/Users/dimakulakov/.m2/repository/org/springframework/boot/spring-boot-test-autoconfigure/3.4.4/spring-boot-test-autoconfigure-3.4.4.jar:/Users/dimakulakov/.m2/repository/com/jayway/jsonpath/json-path/2.9.0/json-path-2.9.0.jar:/Users/dimakulakov/.m2/repository/jakarta/xml/bind/jakarta.xml.bind-api/4.0.2/jakarta.xml.bind-api-4.0.2.jar:/Users/dimakulakov/.m2/repository/jakarta/activation/jakarta.activation-api/2.1.3/jakarta.activation-api-2.1.3.jar:/Users/dimakulakov/.m2/repository/net/minidev/json-smart/2.5.2/json-smart-2.5.2.jar:/Users/dimakulakov/.m2/repository/net/minidev/accessors-smart/2.5.2/accessors-smart-2.5.2.jar:/Users/dimakulakov/.m2/repository/org/ow2/asm/asm/9.7.1/asm-9.7.1.jar:/Users/dimakulakov/.m2/repository/org/assertj/assertj-core/3.26.3/assertj-core-3.26.3.jar:/Users/dimakulakov/.m2/repository/org/awaitility/awaitility/4.2.2/awaitility-4.2.2.jar:/Users/dimakulakov/.m2/repository/org/hamcrest/hamcrest/2.2/hamcrest-2.2.jar:/Users/dimakulakov/.m2/repository/org/junit/jupiter/junit-jupiter/5.11.4/junit-jupiter-5.11.4.jar:/Users/dimakulakov/.m2/repository/org/junit/jupiter/junit-jupiter-api/5.11.4/junit-jupiter-api-5.11.4.jar:/Users/dimakulakov/.m2/repository/org/opentest4j/opentest4j/1.3.0/opentest4j-1.3.0.jar:/Users/dimakulakov/.m2/repository/org/junit/platform/junit-platform-commons/1.11.4/junit-platform-commons-1.11.4.jar:/Users/dimakulakov/.m2/repository/org/apiguardian/apiguardian-api/1.1.2/apiguardian-api-1.1.2.jar:/Users/dimakulakov/.m2/repository/org/junit/jupiter/junit-jupiter-params/5.11.4/junit-jupiter-params-5.11.4.jar:/Users/dimakulakov/.m2/repository/org/junit/jupiter/junit-jupiter-engine/5.11.4/junit-jupiter-engine-5.11.4.jar:/Users/dimakulakov/.m2/repository/org/junit/platform/junit-platform-engine/1.11.4/junit-platform-engine-1.11.4.jar:/Users/dimakulakov/.m2/repository/org/mockito/mockito-core/5.14.2/mockito-core-5.14.2.jar:/Users/dimakulakov/.m2/repository/net/bytebuddy/byte-buddy-agent/1.15.11/byte-buddy-agent-1.15.11.jar:/Users/dimakulakov/.m2/repository/org/objenesis/objenesis/3.3/objenesis-3.3.jar:/Users/dimakulakov/.m2/repository/org/mockito/mockito-junit-jupiter/5.14.2/mockito-junit-jupiter-5.14.2.jar:/Users/dimakulakov/.m2/repository/org/skyscreamer/jsonassert/1.5.3/jsonassert-1.5.3.jar:/Users/dimakulakov/.m2/repository/com/vaadin/external/google/android-json/0.0.20131108.vaadin1/android-json-0.0.20131108.vaadin1.jar:/Users/dimakulakov/.m2/repository/org/springframework/spring-core/6.2.5/spring-core-6.2.5.jar:/Users/dimakulakov/.m2/repository/org/springframework/spring-jcl/6.2.5/spring-jcl-6.2.5.jar:/Users/dimakulakov/.m2/repository/org/springframework/spring-test/6.2.5/spring-test-6.2.5.jar:/Users/dimakulakov/.m2/repository/org/xmlunit/xmlunit-core/2.10.0/xmlunit-core-2.10.0.jar:/Users/dimakulakov/.m2/repository/org/springframework/boot/spring-boot-starter-websocket/3.4.4/spring-boot-starter-websocket-3.4.4.jar:/Users/dimakulakov/.m2/repository/org/springframework/spring-messaging/6.2.5/spring-messaging-6.2.5.jar:/Users/dimakulakov/.m2/repository/org/springframework/spring-websocket/6.2.5/spring-websocket-6.2.5.jar:"/>
    <property name="sun.cpu.endian" value="little"/>
    <property name="user.home" value="/Users/dimakulakov"/>
    <property name="user.language" value="ru"/>
    <property name="java.specification.vendor" value="Oracle Corporation"/>
    <property name="java.version.date" value="2025-01-21"/>
    <property name="java.home" value="/opt/homebrew/Cellar/openjdk/23.0.2/libexec/openjdk.jdk/Contents/Home"/>
    <property name="file.separator" value="/"/>
    <property name="basedir" value="/Users/dimakulakov/Desktop/web/Coursework-web/backend"/>
    <property name="java.vm.compressedOopsMode" value="Zero based"/>
    <property name="line.separator" value="&#10;"/>
    <property name="java.vm.specification.vendor" value="Oracle Corporation"/>
    <property name="java.specification.name" value="Java Platform API Specification"/>
    <property name="FILE_LOG_CHARSET" value="UTF-8"/>
    <property name="java.awt.headless" value="true"/>
    <property name="apple.awt.application.name" value="ForkedBooter"/>
    <property name="surefire.real.class.path" value="/Users/dimakulakov/Desktop/web/Coursework-web/backend/target/surefire/surefirebooter-20250421144111879_3.jar"/>
    <property name="sun.management.compiler" value="HotSpot 64-Bit Tiered Compilers"/>
    <property name="ftp.nonProxyHosts" value="local|*.local|169.254/16|*.169.254/16"/>
    <property name="java.runtime.version" value="23.0.2"/>
    <property name="user.name" value="dimakulakov"/>
    <property name="stdout.encoding" value="UTF-8"/>
    <property name="path.separator" value=":"/>
    <property name="os.version" value="15.4"/>
    <property name="java.runtime.name" value="OpenJDK Runtime Environment"/>
    <property name="file.encoding" value="UTF-8"/>
    <property name="java.vm.name" value="OpenJDK 64-Bit Server VM"/>
    <property name="java.vendor.version" value="Homebrew"/>
    <property name="localRepository" value="/Users/dimakulakov/.m2/repository"/>
    <property name="java.vendor.url.bug" value="https://github.com/Homebrew/homebrew-core/issues"/>
    <property name="java.io.tmpdir" value="/var/folders/lz/1l8c_gc975x2qlsbl1v1gpqr0000gn/T/"/>
    <property name="com.zaxxer.hikari.pool_number" value="1"/>
    <property name="java.version" value="23.0.2"/>
    <property name="user.dir" value="/Users/dimakulakov/Desktop/web/Coursework-web/backend"/>
    <property name="os.arch" value="aarch64"/>
    <property name="java.vm.specification.name" value="Java Virtual Machine Specification"/>
    <property name="PID" value="14909"/>
    <property name="CONSOLE_LOG_CHARSET" value="UTF-8"/>
    <property name="native.encoding" value="UTF-8"/>
    <property name="java.library.path" value="/Users/dimakulakov/Library/Java/Extensions:/Library/Java/Extensions:/Network/Library/Java/Extensions:/System/Library/Java/Extensions:/usr/lib/java:."/>
    <property name="java.vm.info" value="mixed mode, sharing"/>
    <property name="stderr.encoding" value="UTF-8"/>
    <property name="java.vendor" value="Homebrew"/>
    <property name="java.vm.version" value="23.0.2"/>
    <property name="sun.io.unicode.encoding" value="UnicodeBig"/>
    <property name="socksNonProxyHosts" value="local|*.local|169.254/16|*.169.254/16"/>
    <property name="java.class.version" value="67.0"/>
    <property name="LOGGED_APPLICATION_NAME" value="[chat-app] "/>
  </properties>
  <testcase name="contextLoads" classname="com.example.chat_app.ChatAppApplicationTests" time="0.361">
    <system-out><![CDATA[14:41:12.345 [main] INFO org.springframework.test.context.support.AnnotationConfigContextLoaderUtils -- Could not detect default configuration classes for test class [com.example.chat_app.ChatAppApplicationTests]: ChatAppApplicationTests does not declare any static, non-private, non-final, nested classes annotated with @Configuration.
14:41:12.422 [main] INFO org.springframework.boot.test.context.SpringBootTestContextBootstrapper -- Found @SpringBootConfiguration com.example.chat_app.ChatAppApplication for test class com.example.chat_app.ChatAppApplicationTests

  .   ____          _            __ _ _
 /\\ / ___'_ __ _ _(_)_ __  __ _ \ \ \ \
( ( )\___ | '_ | '_| | '_ \/ _` | \ \ \ \
 \\/  ___)| |_)| | | | | || (_| |  ) ) ) )
  '  |____| .__|_| |_|_| |_\__, | / / / /
 =========|_|==============|___/=/_/_/_/

 :: Spring Boot ::                (v3.4.4)

2025-04-21T14:41:12.638+04:00  INFO 14909 --- [chat-app] [           main] c.e.chat_app.ChatAppApplicationTests     : Starting ChatAppApplicationTests using Java 23.0.2 with PID 14909 (started by dimakulakov in /Users/dimakulakov/Desktop/web/Coursework-web/backend)
2025-04-21T14:41:12.639+04:00  INFO 14909 --- [chat-app] [           main] c.e.chat_app.ChatAppApplicationTests     : No active profile set, falling back to 1 default profile: "default"
2025-04-21T14:41:12.982+04:00  INFO 14909 --- [chat-app] [           main] .s.d.r.c.RepositoryConfigurationDelegate : Bootstrapping Spring Data JPA repositories in DEFAULT mode.
2025-04-21T14:41:13.025+04:00  INFO 14909 --- [chat-app] [           main] .s.d.r.c.RepositoryConfigurationDelegate : Finished Spring Data repository scanning in 38 ms. Found 7 JPA repository interfaces.
2025-04-21T14:41:13.256+04:00  INFO 14909 --- [chat-app] [           main] o.hibernate.jpa.internal.util.LogHelper  : HHH000204: Processing PersistenceUnitInfo [name: default]
2025-04-21T14:41:13.281+04:00  INFO 14909 --- [chat-app] [           main] org.hibernate.Version                    : HHH000412: Hibernate ORM core version 6.6.11.Final
2025-04-21T14:41:13.297+04:00  INFO 14909 --- [chat-app] [           main] o.h.c.internal.RegionFactoryInitiator    : HHH000026: Second-level cache disabled
2025-04-21T14:41:13.336+04:00 DEBUG 14909 --- [chat-app] [           main] org.hibernate.type.BasicTypeRegistry     : Adding type registration boolean -> org.hibernate.type.BasicTypeReference@541afb85
2025-04-21T14:41:13.336+04:00 DEBUG 14909 --- [chat-app] [           main] org.hibernate.type.BasicTypeRegistry     : Adding type registration boolean -> org.hibernate.type.BasicTypeReference@541afb85
2025-04-21T14:41:13.337+04:00 DEBUG 14909 --- [chat-app] [           main] org.hibernate.type.BasicTypeRegistry     : Adding type registration java.lang.Boolean -> org.hibernate.type.BasicTypeReference@541afb85
2025-04-21T14:41:13.337+04:00 DEBUG 14909 --- [chat-app] [           main] org.hibernate.type.BasicTypeRegistry     : Adding type registration numeric_boolean -> org.hibernate.type.BasicTypeReference@445bce9a
2025-04-21T14:41:13.337+04:00 DEBUG 14909 --- [chat-app] [           main] org.hibernate.type.BasicTypeRegistry     : Adding type registration org.hibernate.type.NumericBooleanConverter -> org.hibernate.type.BasicTypeReference@445bce9a
2025-04-21T14:41:13.337+04:00 DEBUG 14909 --- [chat-app] [           main] org.hibernate.type.BasicTypeRegistry     : Adding type registration true_false -> org.hibernate.type.BasicTypeReference@7db40fd5
2025-04-21T14:41:13.337+04:00 DEBUG 14909 --- [chat-app] [           main] org.hibernate.type.BasicTypeRegistry     : Adding type registration org.hibernate.type.TrueFalseConverter -> org.hibernate.type.BasicTypeReference@7db40fd5
2025-04-21T14:41:13.337+04:00 DEBUG 14909 --- [chat-app] [           main] org.hibernate.type.BasicTypeRegistry     : Adding type registration yes_no -> org.hibernate.type.BasicTypeReference@5e1a5f
2025-04-21T14:41:13.337+04:00 DEBUG 14909 --- [chat-app] [           main] org.hibernate.type.BasicTypeRegistry     : Adding type registration org.hibernate.type.YesNoConverter -> org.hibernate.type.BasicTypeReference@5e1a5f
2025-04-21T14:41:13.337+04:00 DEBUG 14909 --- [chat-app] [           main] org.hibernate.type.BasicTypeRegistry     : Adding type registration byte -> org.hibernate.type.BasicTypeReference@31b0f02
2025-04-21T14:41:13.337+04:00 DEBUG 14909 --- [chat-app] [           main] org.hibernate.type.BasicTypeRegistry     : Adding type registration byte -> org.hibernate.type.BasicTypeReference@31b0f02
2025-04-21T14:41:13.337+04:00 DEBUG 14909 --- [chat-app] [           main] org.hibernate.type.BasicTypeRegistry     : Adding type registration java.lang.Byte -> org.hibernate.type.BasicTypeReference@31b0f02
2025-04-21T14:41:13.338+04:00 DEBUG 14909 --- [chat-app] [           main] org.hibernate.type.BasicTypeRegistry     : Adding type registration binary -> org.hibernate.type.BasicTypeReference@19ae2ee5
2025-04-21T14:41:13.338+04:00 DEBUG 14909 --- [chat-app] [           main] org.hibernate.type.BasicTypeRegistry     : Adding type registration byte[] -> org.hibernate.type.BasicTypeReference@19ae2ee5
2025-04-21T14:41:13.338+04:00 DEBUG 14909 --- [chat-app] [           main] org.hibernate.type.BasicTypeRegistry     : Adding type registration [B -> org.hibernate.type.BasicTypeReference@19ae2ee5
2025-04-21T14:41:13.338+04:00 DEBUG 14909 --- [chat-app] [           main] org.hibernate.type.BasicTypeRegistry     : Adding type registration binary_wrapper -> org.hibernate.type.BasicTypeReference@44b940a2
2025-04-21T14:41:13.338+04:00 DEBUG 14909 --- [chat-app] [           main] org.hibernate.type.BasicTypeRegistry     : Adding type registration wrapper-binary -> org.hibernate.type.BasicTypeReference@44b940a2
2025-04-21T14:41:13.338+04:00 DEBUG 14909 --- [chat-app] [           main] org.hibernate.type.BasicTypeRegistry     : Adding type registration image -> org.hibernate.type.BasicTypeReference@34c53688
2025-04-21T14:41:13.338+04:00 DEBUG 14909 --- [chat-app] [           main] org.hibernate.type.BasicTypeRegistry     : Adding type registration blob -> org.hibernate.type.BasicTypeReference@6ffd4c0d
2025-04-21T14:41:13.338+04:00 DEBUG 14909 --- [chat-app] [           main] org.hibernate.type.BasicTypeRegistry     : Adding type registration java.sql.Blob -> org.hibernate.type.BasicTypeReference@6ffd4c0d
2025-04-21T14:41:13.338+04:00 DEBUG 14909 --- [chat-app] [           main] org.hibernate.type.BasicTypeRegistry     : Adding type registration materialized_blob -> org.hibernate.type.BasicTypeReference@74c9e11
2025-04-21T14:41:13.339+04:00 DEBUG 14909 --- [chat-app] [           main] org.hibernate.type.BasicTypeRegistry     : Adding type registration materialized_blob_wrapper -> org.hibernate.type.BasicTypeReference@9fe720a
2025-04-21T14:41:13.339+04:00 DEBUG 14909 --- [chat-app] [           main] org.hibernate.type.BasicTypeRegistry     : Adding type registration short -> org.hibernate.type.BasicTypeReference@149274cb
2025-04-21T14:41:13.339+04:00 DEBUG 14909 --- [chat-app] [           main] org.hibernate.type.BasicTypeRegistry     : Adding type registration short -> org.hibernate.type.BasicTypeReference@149274cb
2025-04-21T14:41:13.339+04:00 DEBUG 14909 --- [chat-app] [           main] org.hibernate.type.BasicTypeRegistry     : Adding type registration java.lang.Short -> org.hibernate.type.BasicTypeReference@149274cb
2025-04-21T14:41:13.339+04:00 DEBUG 14909 --- [chat-app] [           main] org.hibernate.type.BasicTypeRegistry     : Adding type registration integer -> org.hibernate.type.BasicTypeReference@118acf70
2025-04-21T14:41:13.339+04:00 DEBUG 14909 --- [chat-app] [           main] org.hibernate.type.BasicTypeRegistry     : Adding type registration int -> org.hibernate.type.BasicTypeReference@118acf70
2025-04-21T14:41:13.339+04:00 DEBUG 14909 --- [chat-app] [           main] org.hibernate.type.BasicTypeRegistry     : Adding type registration java.lang.Integer -> org.hibernate.type.BasicTypeReference@118acf70
2025-04-21T14:41:13.339+04:00 DEBUG 14909 --- [chat-app] [           main] org.hibernate.type.BasicTypeRegistry     : Adding type registration long -> org.hibernate.type.BasicTypeReference@72557746
2025-04-21T14:41:13.339+04:00 DEBUG 14909 --- [chat-app] [           main] org.hibernate.type.BasicTypeRegistry     : Adding type registration long -> org.hibernate.type.BasicTypeReference@72557746
2025-04-21T14:41:13.339+04:00 DEBUG 14909 --- [chat-app] [           main] org.hibernate.type.BasicTypeRegistry     : Adding type registration java.lang.Long -> org.hibernate.type.BasicTypeReference@72557746
2025-04-21T14:41:13.340+04:00 DEBUG 14909 --- [chat-app] [           main] org.hibernate.type.BasicTypeRegistry     : Adding type registration float -> org.hibernate.type.BasicTypeReference@8c12524
2025-04-21T14:41:13.340+04:00 DEBUG 14909 --- [chat-app] [           main] org.hibernate.type.BasicTypeRegistry     : Adding type registration float -> org.hibernate.type.BasicTypeReference@8c12524
2025-04-21T14:41:13.340+04:00 DEBUG 14909 --- [chat-app] [           main] org.hibernate.type.BasicTypeRegistry     : Adding type registration java.lang.Float -> org.hibernate.type.BasicTypeReference@8c12524
2025-04-21T14:41:13.340+04:00 DEBUG 14909 --- [chat-app] [           main] org.hibernate.type.BasicTypeRegistry     : Adding type registration double -> org.hibernate.type.BasicTypeReference@f723cdb
2025-04-21T14:41:13.340+04:00 DEBUG 14909 --- [chat-app] [           main] org.hibernate.type.BasicTypeRegistry     : Adding type registration double -> org.hibernate.type.BasicTypeReference@f723cdb
2025-04-21T14:41:13.340+04:00 DEBUG 14909 --- [chat-app] [           main] org.hibernate.type.BasicTypeRegistry     : Adding type registration java.lang.Double -> org.hibernate.type.BasicTypeReference@f723cdb
2025-04-21T14:41:13.340+04:00 DEBUG 14909 --- [chat-app] [           main] org.hibernate.type.BasicTypeRegistry     : Adding type registration big_integer -> org.hibernate.type.BasicTypeReference@4844930a
2025-04-21T14:41:13.340+04:00 DEBUG 14909 --- [chat-app] [           main] org.hibernate.type.BasicTypeRegistry     : Adding type registration java.math.BigInteger -> org.hibernate.type.BasicTypeReference@4844930a
2025-04-21T14:41:13.340+04:00 DEBUG 14909 --- [chat-app] [           main] org.hibernate.type.BasicTypeRegistry     : Adding type registration big_decimal -> org.hibernate.type.BasicTypeReference@11f23203
2025-04-21T14:41:13.340+04:00 DEBUG 14909 --- [chat-app] [           main] org.hibernate.type.BasicTypeRegistry     : Adding type registration java.math.BigDecimal -> org.hibernate.type.BasicTypeReference@11f23203
2025-04-21T14:41:13.340+04:00 DEBUG 14909 --- [chat-app] [           main] org.hibernate.type.BasicTypeRegistry     : Adding type registration character -> org.hibernate.type.BasicTypeReference@101bdd1c
2025-04-21T14:41:13.341+04:00 DEBUG 14909 --- [chat-app] [           main] org.hibernate.type.BasicTypeRegistry     : Adding type registration char -> org.hibernate.type.BasicTypeReference@101bdd1c
2025-04-21T14:41:13.341+04:00 DEBUG 14909 --- [chat-app] [           main] org.hibernate.type.BasicTypeRegistry     : Adding type registration java.lang.Character -> org.hibernate.type.BasicTypeReference@101bdd1c
2025-04-21T14:41:13.341+04:00 DEBUG 14909 --- [chat-app] [           main] org.hibernate.type.BasicTypeRegistry     : Adding type registration character_nchar -> org.hibernate.type.BasicTypeReference@e91af20
2025-04-21T14:41:13.341+04:00 DEBUG 14909 --- [chat-app] [           main] org.hibernate.type.BasicTypeRegistry     : Adding type registration string -> org.hibernate.type.BasicTypeReference@6221b13b
2025-04-21T14:41:13.341+04:00 DEBUG 14909 --- [chat-app] [           main] org.hibernate.type.BasicTypeRegistry     : Adding type registration java.lang.String -> org.hibernate.type.BasicTypeReference@6221b13b
2025-04-21T14:41:13.341+04:00 DEBUG 14909 --- [chat-app] [           main] org.hibernate.type.BasicTypeRegistry     : Adding type registration nstring -> org.hibernate.type.BasicTypeReference@62c3f556
2025-04-21T14:41:13.341+04:00 DEBUG 14909 --- [chat-app] [           main] org.hibernate.type.BasicTypeRegistry     : Adding type registration characters -> org.hibernate.type.BasicTypeReference@2cfe272f
2025-04-21T14:41:13.341+04:00 DEBUG 14909 --- [chat-app] [           main] org.hibernate.type.BasicTypeRegistry     : Adding type registration char[] -> org.hibernate.type.BasicTypeReference@2cfe272f
2025-04-21T14:41:13.341+04:00 DEBUG 14909 --- [chat-app] [           main] org.hibernate.type.BasicTypeRegistry     : Adding type registration [C -> org.hibernate.type.BasicTypeReference@2cfe272f
2025-04-21T14:41:13.341+04:00 DEBUG 14909 --- [chat-app] [           main] org.hibernate.type.BasicTypeRegistry     : Adding type registration wrapper-characters -> org.hibernate.type.BasicTypeReference@2f95653f
2025-04-21T14:41:13.342+04:00 DEBUG 14909 --- [chat-app] [           main] org.hibernate.type.BasicTypeRegistry     : Adding type registration text -> org.hibernate.type.BasicTypeReference@4052b19f
2025-04-21T14:41:13.342+04:00 DEBUG 14909 --- [chat-app] [           main] org.hibernate.type.BasicTypeRegistry     : Adding type registration ntext -> org.hibernate.type.BasicTypeReference@3dc68586
2025-04-21T14:41:13.342+04:00 DEBUG 14909 --- [chat-app] [           main] org.hibernate.type.BasicTypeRegistry     : Adding type registration clob -> org.hibernate.type.BasicTypeReference@60dc1a4e
2025-04-21T14:41:13.342+04:00 DEBUG 14909 --- [chat-app] [           main] org.hibernate.type.BasicTypeRegistry     : Adding type registration java.sql.Clob -> org.hibernate.type.BasicTypeReference@60dc1a4e
2025-04-21T14:41:13.342+04:00 DEBUG 14909 --- [chat-app] [           main] org.hibernate.type.BasicTypeRegistry     : Adding type registration nclob -> org.hibernate.type.BasicTypeReference@646427f7
2025-04-21T14:41:13.342+04:00 DEBUG 14909 --- [chat-app] [           main] org.hibernate.type.BasicTypeRegistry     : Adding type registration java.sql.NClob -> org.hibernate.type.BasicTypeReference@646427f7
2025-04-21T14:41:13.342+04:00 DEBUG 14909 --- [chat-app] [           main] org.hibernate.type.BasicTypeRegistry     : Adding type registration materialized_clob -> org.hibernate.type.BasicTypeReference@31efacad
2025-04-21T14:41:13.342+04:00 DEBUG 14909 --- [chat-app] [           main] org.hibernate.type.BasicTypeRegistry     : Adding type registration materialized_clob_char_array -> org.hibernate.type.BasicTypeReference@380ce5a3
2025-04-21T14:41:13.342+04:00 DEBUG 14909 --- [chat-app] [           main] org.hibernate.type.BasicTypeRegistry     : Adding type registration materialized_clob_character_array -> org.hibernate.type.BasicTypeReference@38029686
2025-04-21T14:41:13.343+04:00 DEBUG 14909 --- [chat-app] [           main] org.hibernate.type.BasicTypeRegistry     : Adding type registration materialized_nclob -> org.hibernate.type.BasicTypeReference@7d9c45ee
2025-04-21T14:41:13.343+04:00 DEBUG 14909 --- [chat-app] [           main] org.hibernate.type.BasicTypeRegistry     : Adding type registration materialized_nclob_character_array -> org.hibernate.type.BasicTypeReference@31da0434
2025-04-21T14:41:13.343+04:00 DEBUG 14909 --- [chat-app] [           main] org.hibernate.type.BasicTypeRegistry     : Adding type registration materialized_nclob_char_array -> org.hibernate.type.BasicTypeReference@6e24ce51
2025-04-21T14:41:13.343+04:00 DEBUG 14909 --- [chat-app] [           main] org.hibernate.type.BasicTypeRegistry     : Adding type registration Duration -> org.hibernate.type.BasicTypeReference@423ed3b5
2025-04-21T14:41:13.343+04:00 DEBUG 14909 --- [chat-app] [           main] org.hibernate.type.BasicTypeRegistry     : Adding type registration java.time.Duration -> org.hibernate.type.BasicTypeReference@423ed3b5
2025-04-21T14:41:13.343+04:00 DEBUG 14909 --- [chat-app] [           main] org.hibernate.type.BasicTypeRegistry     : Adding type registration LocalDateTime -> org.hibernate.type.BasicTypeReference@5d124d29
2025-04-21T14:41:13.343+04:00 DEBUG 14909 --- [chat-app] [           main] org.hibernate.type.BasicTypeRegistry     : Adding type registration java.time.LocalDateTime -> org.hibernate.type.BasicTypeReference@5d124d29
2025-04-21T14:41:13.343+04:00 DEBUG 14909 --- [chat-app] [           main] org.hibernate.type.BasicTypeRegistry     : Adding type registration LocalDate -> org.hibernate.type.BasicTypeReference@3c88191b
2025-04-21T14:41:13.343+04:00 DEBUG 14909 --- [chat-app] [           main] org.hibernate.type.BasicTypeRegistry     : Adding type registration java.time.LocalDate -> org.hibernate.type.BasicTypeReference@3c88191b
2025-04-21T14:41:13.343+04:00 DEBUG 14909 --- [chat-app] [           main] org.hibernate.type.BasicTypeRegistry     : Adding type registration LocalTime -> org.hibernate.type.BasicTypeReference@74960e9d
2025-04-21T14:41:13.343+04:00 DEBUG 14909 --- [chat-app] [           main] org.hibernate.type.BasicTypeRegistry     : Adding type registration java.time.LocalTime -> org.hibernate.type.BasicTypeReference@74960e9d
2025-04-21T14:41:13.344+04:00 DEBUG 14909 --- [chat-app] [           main] org.hibernate.type.BasicTypeRegistry     : Adding type registration OffsetDateTime -> org.hibernate.type.BasicTypeReference@4001d8c1
2025-04-21T14:41:13.344+04:00 DEBUG 14909 --- [chat-app] [           main] org.hibernate.type.BasicTypeRegistry     : Adding type registration java.time.OffsetDateTime -> org.hibernate.type.BasicTypeReference@4001d8c1
2025-04-21T14:41:13.344+04:00 DEBUG 14909 --- [chat-app] [           main] org.hibernate.type.BasicTypeRegistry     : Adding type registration OffsetDateTimeWithTimezone -> org.hibernate.type.BasicTypeReference@fb5aeed
2025-04-21T14:41:13.344+04:00 DEBUG 14909 --- [chat-app] [           main] org.hibernate.type.BasicTypeRegistry     : Adding type registration OffsetDateTimeWithoutTimezone -> org.hibernate.type.BasicTypeReference@73893ec1
2025-04-21T14:41:13.344+04:00 DEBUG 14909 --- [chat-app] [           main] org.hibernate.type.BasicTypeRegistry     : Adding type registration OffsetTime -> org.hibernate.type.BasicTypeReference@37af24cb
2025-04-21T14:41:13.344+04:00 DEBUG 14909 --- [chat-app] [           main] org.hibernate.type.BasicTypeRegistry     : Adding type registration java.time.OffsetTime -> org.hibernate.type.BasicTypeReference@37af24cb
2025-04-21T14:41:13.344+04:00 DEBUG 14909 --- [chat-app] [           main] org.hibernate.type.BasicTypeRegistry     : Adding type registration OffsetTimeUtc -> org.hibernate.type.BasicTypeReference@7926352f
2025-04-21T14:41:13.344+04:00 DEBUG 14909 --- [chat-app] [           main] org.hibernate.type.BasicTypeRegistry     : Adding type registration OffsetTimeWithTimezone -> org.hibernate.type.BasicTypeReference@5bc63e20
2025-04-21T14:41:13.344+04:00 DEBUG 14909 --- [chat-app] [           main] org.hibernate.type.BasicTypeRegistry     : Adding type registration OffsetTimeWithoutTimezone -> org.hibernate.type.BasicTypeReference@61037caf
2025-04-21T14:41:13.344+04:00 DEBUG 14909 --- [chat-app] [           main] org.hibernate.type.BasicTypeRegistry     : Adding type registration ZonedDateTime -> org.hibernate.type.BasicTypeReference@2fc49538
2025-04-21T14:41:13.344+04:00 DEBUG 14909 --- [chat-app] [           main] org.hibernate.type.BasicTypeRegistry     : Adding type registration java.time.ZonedDateTime -> org.hibernate.type.BasicTypeReference@2fc49538
2025-04-21T14:41:13.345+04:00 DEBUG 14909 --- [chat-app] [           main] org.hibernate.type.BasicTypeRegistry     : Adding type registration ZonedDateTimeWithTimezone -> org.hibernate.type.BasicTypeReference@670342a2
2025-04-21T14:41:13.345+04:00 DEBUG 14909 --- [chat-app] [           main] org.hibernate.type.BasicTypeRegistry     : Adding type registration ZonedDateTimeWithoutTimezone -> org.hibernate.type.BasicTypeReference@d5e575c
2025-04-21T14:41:13.345+04:00 DEBUG 14909 --- [chat-app] [           main] org.hibernate.type.BasicTypeRegistry     : Adding type registration date -> org.hibernate.type.BasicTypeReference@7742a45c
2025-04-21T14:41:13.345+04:00 DEBUG 14909 --- [chat-app] [           main] org.hibernate.type.BasicTypeRegistry     : Adding type registration java.sql.Date -> org.hibernate.type.BasicTypeReference@7742a45c
2025-04-21T14:41:13.345+04:00 DEBUG 14909 --- [chat-app] [           main] org.hibernate.type.BasicTypeRegistry     : Adding type registration time -> org.hibernate.type.BasicTypeReference@7ca492d9
2025-04-21T14:41:13.345+04:00 DEBUG 14909 --- [chat-app] [           main] org.hibernate.type.BasicTypeRegistry     : Adding type registration java.sql.Time -> org.hibernate.type.BasicTypeReference@7ca492d9
2025-04-21T14:41:13.345+04:00 DEBUG 14909 --- [chat-app] [           main] org.hibernate.type.BasicTypeRegistry     : Adding type registration timestamp -> org.hibernate.type.BasicTypeReference@14fc9bd
2025-04-21T14:41:13.345+04:00 DEBUG 14909 --- [chat-app] [           main] org.hibernate.type.BasicTypeRegistry     : Adding type registration java.sql.Timestamp -> org.hibernate.type.BasicTypeReference@14fc9bd
2025-04-21T14:41:13.345+04:00 DEBUG 14909 --- [chat-app] [           main] org.hibernate.type.BasicTypeRegistry     : Adding type registration java.util.Date -> org.hibernate.type.BasicTypeReference@14fc9bd
2025-04-21T14:41:13.345+04:00 DEBUG 14909 --- [chat-app] [           main] org.hibernate.type.BasicTypeRegistry     : Adding type registration calendar -> org.hibernate.type.BasicTypeReference@7ed49a7f
2025-04-21T14:41:13.345+04:00 DEBUG 14909 --- [chat-app] [           main] org.hibernate.type.BasicTypeRegistry     : Adding type registration java.util.Calendar -> org.hibernate.type.BasicTypeReference@7ed49a7f
2025-04-21T14:41:13.345+04:00 DEBUG 14909 --- [chat-app] [           main] org.hibernate.type.BasicTypeRegistry     : Adding type registration java.util.GregorianCalendar -> org.hibernate.type.BasicTypeReference@7ed49a7f
2025-04-21T14:41:13.346+04:00 DEBUG 14909 --- [chat-app] [           main] org.hibernate.type.BasicTypeRegistry     : Adding type registration calendar_date -> org.hibernate.type.BasicTypeReference@1cd6b1bd
2025-04-21T14:41:13.346+04:00 DEBUG 14909 --- [chat-app] [           main] org.hibernate.type.BasicTypeRegistry     : Adding type registration calendar_time -> org.hibernate.type.BasicTypeReference@443cdaa4
2025-04-21T14:41:13.346+04:00 DEBUG 14909 --- [chat-app] [           main] org.hibernate.type.BasicTypeRegistry     : Adding type registration instant -> org.hibernate.type.BasicTypeReference@3b41e1bf
2025-04-21T14:41:13.346+04:00 DEBUG 14909 --- [chat-app] [           main] org.hibernate.type.BasicTypeRegistry     : Adding type registration java.time.Instant -> org.hibernate.type.BasicTypeReference@3b41e1bf
2025-04-21T14:41:13.346+04:00 DEBUG 14909 --- [chat-app] [           main] org.hibernate.type.BasicTypeRegistry     : Adding type registration uuid -> org.hibernate.type.BasicTypeReference@619c93ca
2025-04-21T14:41:13.346+04:00 DEBUG 14909 --- [chat-app] [           main] org.hibernate.type.BasicTypeRegistry     : Adding type registration java.util.UUID -> org.hibernate.type.BasicTypeReference@619c93ca
2025-04-21T14:41:13.346+04:00 DEBUG 14909 --- [chat-app] [           main] org.hibernate.type.BasicTypeRegistry     : Adding type registration pg-uuid -> org.hibernate.type.BasicTypeReference@619c93ca
2025-04-21T14:41:13.346+04:00 DEBUG 14909 --- [chat-app] [           main] org.hibernate.type.BasicTypeRegistry     : Adding type registration uuid-binary -> org.hibernate.type.BasicTypeReference@486e9d1d
2025-04-21T14:41:13.346+04:00 DEBUG 14909 --- [chat-app] [           main] org.hibernate.type.BasicTypeRegistry     : Adding type registration uuid-char -> org.hibernate.type.BasicTypeReference@6aa5974e
2025-04-21T14:41:13.346+04:00 DEBUG 14909 --- [chat-app] [           main] org.hibernate.type.BasicTypeRegistry     : Adding type registration class -> org.hibernate.type.BasicTypeReference@5e5ddfbc
2025-04-21T14:41:13.346+04:00 DEBUG 14909 --- [chat-app] [           main] org.hibernate.type.BasicTypeRegistry     : Adding type registration java.lang.Class -> org.hibernate.type.BasicTypeReference@5e5ddfbc
2025-04-21T14:41:13.346+04:00 DEBUG 14909 --- [chat-app] [           main] org.hibernate.type.BasicTypeRegistry     : Adding type registration currency -> org.hibernate.type.BasicTypeReference@5bda157e
2025-04-21T14:41:13.346+04:00 DEBUG 14909 --- [chat-app] [           main] org.hibernate.type.BasicTypeRegistry     : Adding type registration Currency -> org.hibernate.type.BasicTypeReference@5bda157e
2025-04-21T14:41:13.346+04:00 DEBUG 14909 --- [chat-app] [           main] org.hibernate.type.BasicTypeRegistry     : Adding type registration java.util.Currency -> org.hibernate.type.BasicTypeReference@5bda157e
2025-04-21T14:41:13.346+04:00 DEBUG 14909 --- [chat-app] [           main] org.hibernate.type.BasicTypeRegistry     : Adding type registration locale -> org.hibernate.type.BasicTypeReference@67e0fd6d
2025-04-21T14:41:13.346+04:00 DEBUG 14909 --- [chat-app] [           main] org.hibernate.type.BasicTypeRegistry     : Adding type registration java.util.Locale -> org.hibernate.type.BasicTypeReference@67e0fd6d
2025-04-21T14:41:13.347+04:00 DEBUG 14909 --- [chat-app] [           main] org.hibernate.type.BasicTypeRegistry     : Adding type registration serializable -> org.hibernate.type.BasicTypeReference@21390938
2025-04-21T14:41:13.347+04:00 DEBUG 14909 --- [chat-app] [           main] org.hibernate.type.BasicTypeRegistry     : Adding type registration java.io.Serializable -> org.hibernate.type.BasicTypeReference@21390938
2025-04-21T14:41:13.347+04:00 DEBUG 14909 --- [chat-app] [           main] org.hibernate.type.BasicTypeRegistry     : Adding type registration timezone -> org.hibernate.type.BasicTypeReference@1129829c
2025-04-21T14:41:13.347+04:00 DEBUG 14909 --- [chat-app] [           main] org.hibernate.type.BasicTypeRegistry     : Adding type registration java.util.TimeZone -> org.hibernate.type.BasicTypeReference@1129829c
2025-04-21T14:41:13.347+04:00 DEBUG 14909 --- [chat-app] [           main] org.hibernate.type.BasicTypeRegistry     : Adding type registration ZoneOffset -> org.hibernate.type.BasicTypeReference@1a531422
2025-04-21T14:41:13.347+04:00 DEBUG 14909 --- [chat-app] [           main] org.hibernate.type.BasicTypeRegistry     : Adding type registration java.time.ZoneOffset -> org.hibernate.type.BasicTypeReference@1a531422
2025-04-21T14:41:13.347+04:00 DEBUG 14909 --- [chat-app] [           main] org.hibernate.type.BasicTypeRegistry     : Adding type registration url -> org.hibernate.type.BasicTypeReference@7a388990
2025-04-21T14:41:13.347+04:00 DEBUG 14909 --- [chat-app] [           main] org.hibernate.type.BasicTypeRegistry     : Adding type registration java.net.URL -> org.hibernate.type.BasicTypeReference@7a388990
2025-04-21T14:41:13.347+04:00 DEBUG 14909 --- [chat-app] [           main] org.hibernate.type.BasicTypeRegistry     : Adding type registration vector -> org.hibernate.type.BasicTypeReference@13213f26
2025-04-21T14:41:13.347+04:00 DEBUG 14909 --- [chat-app] [           main] org.hibernate.type.BasicTypeRegistry     : Adding type registration float_vector -> org.hibernate.type.BasicTypeReference@4e4162bc
2025-04-21T14:41:13.347+04:00 DEBUG 14909 --- [chat-app] [           main] org.hibernate.type.BasicTypeRegistry     : Adding type registration double_vector -> org.hibernate.type.BasicTypeReference@4c319d52
2025-04-21T14:41:13.347+04:00 DEBUG 14909 --- [chat-app] [           main] org.hibernate.type.BasicTypeRegistry     : Adding type registration byte_vector -> org.hibernate.type.BasicTypeReference@72fbf94d
2025-04-21T14:41:13.347+04:00 DEBUG 14909 --- [chat-app] [           main] org.hibernate.type.BasicTypeRegistry     : Adding type registration row_version -> org.hibernate.type.BasicTypeReference@6839203b
2025-04-21T14:41:13.350+04:00 DEBUG 14909 --- [chat-app] [           main] org.hibernate.type.BasicTypeRegistry     : Adding type registration object -> org.hibernate.type.JavaObjectType@57bd6a8f
2025-04-21T14:41:13.350+04:00 DEBUG 14909 --- [chat-app] [           main] org.hibernate.type.BasicTypeRegistry     : Adding type registration java.lang.Object -> org.hibernate.type.JavaObjectType@57bd6a8f
2025-04-21T14:41:13.350+04:00 DEBUG 14909 --- [chat-app] [           main] org.hibernate.type.BasicTypeRegistry     : Adding type registration null -> org.hibernate.type.NullType@696b52bc
2025-04-21T14:41:13.351+04:00 DEBUG 14909 --- [chat-app] [           main] org.hibernate.type.BasicTypeRegistry     : Adding type registration imm_date -> org.hibernate.type.BasicTypeReference@1f884bd6
2025-04-21T14:41:13.351+04:00 DEBUG 14909 --- [chat-app] [           main] org.hibernate.type.BasicTypeRegistry     : Adding type registration imm_time -> org.hibernate.type.BasicTypeReference@4f081b5d
2025-04-21T14:41:13.351+04:00 DEBUG 14909 --- [chat-app] [           main] org.hibernate.type.BasicTypeRegistry     : Adding type registration imm_timestamp -> org.hibernate.type.BasicTypeReference@474749b8
2025-04-21T14:41:13.351+04:00 DEBUG 14909 --- [chat-app] [           main] org.hibernate.type.BasicTypeRegistry     : Adding type registration imm_calendar -> org.hibernate.type.BasicTypeReference@740a0d5e
2025-04-21T14:41:13.351+04:00 DEBUG 14909 --- [chat-app] [           main] org.hibernate.type.BasicTypeRegistry     : Adding type registration imm_calendar_date -> org.hibernate.type.BasicTypeReference@29013ef2
2025-04-21T14:41:13.351+04:00 DEBUG 14909 --- [chat-app] [           main] org.hibernate.type.BasicTypeRegistry     : Adding type registration imm_calendar_time -> org.hibernate.type.BasicTypeReference@265c1a7c
2025-04-21T14:41:13.351+04:00 DEBUG 14909 --- [chat-app] [           main] org.hibernate.type.BasicTypeRegistry     : Adding type registration imm_binary -> org.hibernate.type.BasicTypeReference@5b2b8d86
2025-04-21T14:41:13.351+04:00 DEBUG 14909 --- [chat-app] [           main] org.hibernate.type.BasicTypeRegistry     : Adding type registration imm_serializable -> org.hibernate.type.BasicTypeReference@7fef0b40
2025-04-21T14:41:13.473+04:00  INFO 14909 --- [chat-app] [           main] o.s.o.j.p.SpringPersistenceUnitInfo      : No LoadTimeWeaver setup: ignoring JPA class transformer
2025-04-21T14:41:13.489+04:00  INFO 14909 --- [chat-app] [           main] com.zaxxer.hikari.HikariDataSource       : HikariPool-1 - Starting...
2025-04-21T14:41:13.567+04:00  INFO 14909 --- [chat-app] [           main] com.zaxxer.hikari.pool.HikariPool        : HikariPool-1 - Added connection org.postgresql.jdbc.PgConnection@56835f2f
2025-04-21T14:41:13.568+04:00  INFO 14909 --- [chat-app] [           main] com.zaxxer.hikari.HikariDataSource       : HikariPool-1 - Start completed.
2025-04-21T14:41:13.615+04:00  INFO 14909 --- [chat-app] [           main] org.hibernate.orm.connections.pooling    : HHH10001005: Database info:
	Database JDBC URL [Connecting through datasource 'HikariDataSource (HikariPool-1)']
	Database driver: undefined/unknown
	Database version: 14.17
	Autocommit mode: undefined/unknown
	Isolation level: undefined/unknown
	Minimum pool size: undefined/unknown
	Maximum pool size: undefined/unknown
2025-04-21T14:41:13.619+04:00 DEBUG 14909 --- [chat-app] [           main] o.h.t.d.sql.spi.DdlTypeRegistry          : addDescriptor(2003, org.hibernate.type.descriptor.sql.internal.ArrayDdlTypeImpl@21b744ec) replaced previous registration(org.hibernate.type.descriptor.sql.internal.ArrayDdlTypeImpl@697a92af)
2025-04-21T14:41:13.619+04:00 DEBUG 14909 --- [chat-app] [           main] o.h.t.d.sql.spi.DdlTypeRegistry          : addDescriptor(6, org.hibernate.type.descriptor.sql.internal.CapacityDependentDdlType@7ea3839e) replaced previous registration(org.hibernate.type.descriptor.sql.internal.DdlTypeImpl@16b76858)
2025-04-21T14:41:13.620+04:00 DEBUG 14909 --- [chat-app] [           main] o.h.t.d.jdbc.spi.JdbcTypeRegistry        : addDescriptor(2004, BlobTypeDescriptor(BLOB_BINDING)) replaced previous registration(BlobTypeDescriptor(DEFAULT))
2025-04-21T14:41:13.620+04:00 DEBUG 14909 --- [chat-app] [           main] o.h.t.d.jdbc.spi.JdbcTypeRegistry        : addDescriptor(2005, ClobTypeDescriptor(CLOB_BINDING)) replaced previous registration(ClobTypeDescriptor(DEFAULT))
2025-04-21T14:41:13.624+04:00 DEBUG 14909 --- [chat-app] [           main] org.hibernate.type.BasicTypeRegistry     : Adding type registration JAVA_OBJECT -> org.hibernate.type.JavaObjectType@41d20f06
2025-04-21T14:41:13.624+04:00 DEBUG 14909 --- [chat-app] [           main] org.hibernate.type.BasicTypeRegistry     : Adding type registration java.lang.Object -> org.hibernate.type.JavaObjectType@41d20f06
2025-04-21T14:41:13.624+04:00 DEBUG 14909 --- [chat-app] [           main] org.hibernate.type.BasicTypeRegistry     : Type registration key [java.lang.Object] overrode previous entry : `org.hibernate.type.JavaObjectType@57bd6a8f`
2025-04-21T14:41:13.627+04:00 DEBUG 14909 --- [chat-app] [           main] org.hibernate.type.BasicTypeRegistry     : Adding type registration org.hibernate.type.DurationType -> basicType@1(java.time.Duration,3015)
2025-04-21T14:41:13.627+04:00 DEBUG 14909 --- [chat-app] [           main] org.hibernate.type.BasicTypeRegistry     : Adding type registration Duration -> basicType@1(java.time.Duration,3015)
2025-04-21T14:41:13.627+04:00 DEBUG 14909 --- [chat-app] [           main] org.hibernate.type.BasicTypeRegistry     : Adding type registration java.time.Duration -> basicType@1(java.time.Duration,3015)
2025-04-21T14:41:13.629+04:00 DEBUG 14909 --- [chat-app] [           main] org.hibernate.type.BasicTypeRegistry     : Adding type registration org.hibernate.type.OffsetDateTimeType -> basicType@2(java.time.OffsetDateTime,3003)
2025-04-21T14:41:13.629+04:00 DEBUG 14909 --- [chat-app] [           main] org.hibernate.type.BasicTypeRegistry     : Adding type registration OffsetDateTime -> basicType@2(java.time.OffsetDateTime,3003)
2025-04-21T14:41:13.629+04:00 DEBUG 14909 --- [chat-app] [           main] org.hibernate.type.BasicTypeRegistry     : Adding type registration java.time.OffsetDateTime -> basicType@2(java.time.OffsetDateTime,3003)
2025-04-21T14:41:13.629+04:00 DEBUG 14909 --- [chat-app] [           main] org.hibernate.type.BasicTypeRegistry     : Adding type registration org.hibernate.type.ZonedDateTimeType -> basicType@3(java.time.ZonedDateTime,3003)
2025-04-21T14:41:13.629+04:00 DEBUG 14909 --- [chat-app] [           main] org.hibernate.type.BasicTypeRegistry     : Adding type registration ZonedDateTime -> basicType@3(java.time.ZonedDateTime,3003)
2025-04-21T14:41:13.629+04:00 DEBUG 14909 --- [chat-app] [           main] org.hibernate.type.BasicTypeRegistry     : Adding type registration java.time.ZonedDateTime -> basicType@3(java.time.ZonedDateTime,3003)
2025-04-21T14:41:13.630+04:00 DEBUG 14909 --- [chat-app] [           main] org.hibernate.type.BasicTypeRegistry     : Adding type registration org.hibernate.type.OffsetTimeType -> basicType@4(java.time.OffsetTime,3007)
2025-04-21T14:41:13.630+04:00 DEBUG 14909 --- [chat-app] [           main] org.hibernate.type.BasicTypeRegistry     : Adding type registration OffsetTime -> basicType@4(java.time.OffsetTime,3007)
2025-04-21T14:41:13.630+04:00 DEBUG 14909 --- [chat-app] [           main] org.hibernate.type.BasicTypeRegistry     : Adding type registration java.time.OffsetTime -> basicType@4(java.time.OffsetTime,3007)
2025-04-21T14:41:13.630+04:00 DEBUG 14909 --- [chat-app] [           main] o.h.type.spi.TypeConfiguration$Scope     : Scoping TypeConfiguration [org.hibernate.type.spi.TypeConfiguration@455da438] to MetadataBuildingContext [org.hibernate.boot.internal.MetadataBuildingContextRootImpl@60652518]
2025-04-21T14:41:14.170+04:00  INFO 14909 --- [chat-app] [           main] o.h.e.t.j.p.i.JtaPlatformInitiator       : HHH000489: No JTA platform available (set 'hibernate.transaction.jta.platform' to enable JTA platform integration)
2025-04-21T14:41:14.170+04:00 DEBUG 14909 --- [chat-app] [           main] o.h.type.spi.TypeConfiguration$Scope     : Scoping TypeConfiguration [org.hibernate.type.spi.TypeConfiguration@455da438] to SessionFactoryImplementor [org.hibernate.internal.SessionFactoryImpl@571e2f15]
2025-04-21T14:41:14.171+04:00 TRACE 14909 --- [chat-app] [           main] o.h.type.spi.TypeConfiguration$Scope     : Handling #sessionFactoryCreated from [org.hibernate.internal.SessionFactoryImpl@571e2f15] for TypeConfiguration
2025-04-21T14:41:14.172+04:00  INFO 14909 --- [chat-app] [           main] j.LocalContainerEntityManagerFactoryBean : Initialized JPA EntityManagerFactory for persistence unit 'default'
2025-04-21T14:41:14.545+04:00  WARN 14909 --- [chat-app] [           main] JpaBaseConfiguration$JpaWebConfiguration : spring.jpa.open-in-view is enabled by default. Therefore, database queries may be performed during view rendering. Explicitly configure spring.jpa.open-in-view to disable this warning
2025-04-21T14:41:14.787+04:00  INFO 14909 --- [chat-app] [           main] o.s.m.s.b.SimpleBrokerMessageHandler     : Starting...
2025-04-21T14:41:14.787+04:00  INFO 14909 --- [chat-app] [           main] o.s.m.s.b.SimpleBrokerMessageHandler     : BrokerAvailabilityEvent[available=true, SimpleBrokerMessageHandler [org.springframework.messaging.simp.broker.DefaultSubscriptionRegistry@69542112]]
2025-04-21T14:41:14.788+04:00  INFO 14909 --- [chat-app] [           main] o.s.m.s.b.SimpleBrokerMessageHandler     : Started.
2025-04-21T14:41:14.794+04:00  INFO 14909 --- [chat-app] [           main] c.e.chat_app.ChatAppApplicationTests     : Started ChatAppApplicationTests in 2.296 seconds (process running for 2.855)
]]></system-out>
    <system-err><![CDATA[Mockito is currently self-attaching to enable the inline-mock-maker. This will no longer work in future releases of the JDK. Please add Mockito as an agent to your build what is described in Mockito's documentation: https://javadoc.io/doc/org.mockito/mockito-core/latest/org/mockito/Mockito.html#0.3
WARNING: A Java agent has been loaded dynamically (/Users/dimakulakov/.m2/repository/net/bytebuddy/byte-buddy-agent/1.15.11/byte-buddy-agent-1.15.11.jar)
WARNING: If a serviceability tool is in use, please run with -XX:+EnableDynamicAgentLoading to hide this warning
WARNING: If a serviceability tool is not in use, please run with -Djdk.instrument.traceUsage for more information
WARNING: Dynamic loading of agents will be disallowed by default in a future release
]]></system-err>
  </testcase>
</testsuite>