<?xml version="1.0" encoding="UTF-8"?>
<testsuite xmlns:xsi="http://www.w3.org/2001/XMLSchema-instance" xsi:noNamespaceSchemaLocation="https://maven.apache.org/surefire/maven-surefire-plugin/xsd/surefire-test-report.xsd" version="3.0.2" name="com.example.chat_app.ChatAppApplicationTests" time="3.122" tests="1" errors="0" skipped="0" failures="0">
  <properties>
    <property name="java.specification.version" value="17"/>
    <property name="sun.jnu.encoding" value="UTF-8"/>
    <property name="java.class.path" value="/home/dima/Coursework-web/backend/target/test-classes:/home/dima/Coursework-web/backend/target/classes:/home/dima/.m2/repository/org/springframework/boot/spring-boot-starter-data-jpa/3.4.4/spring-boot-starter-data-jpa-3.4.4.jar:/home/dima/.m2/repository/org/springframework/boot/spring-boot-starter/3.4.4/spring-boot-starter-3.4.4.jar:/home/dima/.m2/repository/org/springframework/boot/spring-boot/3.4.4/spring-boot-3.4.4.jar:/home/dima/.m2/repository/org/springframework/boot/spring-boot-autoconfigure/3.4.4/spring-boot-autoconfigure-3.4.4.jar:/home/dima/.m2/repository/org/springframework/boot/spring-boot-starter-logging/3.4.4/spring-boot-starter-logging-3.4.4.jar:/home/dima/.m2/repository/ch/qos/logback/logback-classic/1.5.18/logback-classic-1.5.18.jar:/home/dima/.m2/repository/ch/qos/logback/logback-core/1.5.18/logback-core-1.5.18.jar:/home/dima/.m2/repository/org/apache/logging/log4j/log4j-to-slf4j/2.24.3/log4j-to-slf4j-2.24.3.jar:/home/dima/.m2/repository/org/apache/logging/log4j/log4j-api/2.24.3/log4j-api-2.24.3.jar:/home/dima/.m2/repository/org/slf4j/jul-to-slf4j/2.0.17/jul-to-slf4j-2.0.17.jar:/home/dima/.m2/repository/jakarta/annotation/jakarta.annotation-api/2.1.1/jakarta.annotation-api-2.1.1.jar:/home/dima/.m2/repository/org/yaml/snakeyaml/2.3/snakeyaml-2.3.jar:/home/dima/.m2/repository/org/springframework/boot/spring-boot-starter-jdbc/3.4.4/spring-boot-starter-jdbc-3.4.4.jar:/home/dima/.m2/repository/com/zaxxer/HikariCP/5.1.0/HikariCP-5.1.0.jar:/home/dima/.m2/repository/org/springframework/spring-jdbc/6.2.5/spring-jdbc-6.2.5.jar:/home/dima/.m2/repository/org/hibernate/orm/hibernate-core/6.6.11.Final/hibernate-core-6.6.11.Final.jar:/home/dima/.m2/repository/jakarta/persistence/jakarta.persistence-api/3.1.0/jakarta.persistence-api-3.1.0.jar:/home/dima/.m2/repository/jakarta/transaction/jakarta.transaction-api/2.0.1/jakarta.transaction-api-2.0.1.jar:/home/dima/.m2/repository/org/jboss/logging/jboss-logging/3.6.1.Final/jboss-logging-3.6.1.Final.jar:/home/dima/.m2/repository/org/hibernate/common/hibernate-commons-annotations/7.0.3.Final/hibernate-commons-annotations-7.0.3.Final.jar:/home/dima/.m2/repository/io/smallrye/jandex/3.2.0/jandex-3.2.0.jar:/home/dima/.m2/repository/com/fasterxml/classmate/1.7.0/classmate-1.7.0.jar:/home/dima/.m2/repository/net/bytebuddy/byte-buddy/1.15.11/byte-buddy-1.15.11.jar:/home/dima/.m2/repository/org/glassfish/jaxb/jaxb-runtime/4.0.5/jaxb-runtime-4.0.5.jar:/home/dima/.m2/repository/org/glassfish/jaxb/jaxb-core/4.0.5/jaxb-core-4.0.5.jar:/home/dima/.m2/repository/org/eclipse/angus/angus-activation/2.0.2/angus-activation-2.0.2.jar:/home/dima/.m2/repository/org/glassfish/jaxb/txw2/4.0.5/txw2-4.0.5.jar:/home/dima/.m2/repository/com/sun/istack/istack-commons-runtime/4.1.2/istack-commons-runtime-4.1.2.jar:/home/dima/.m2/repository/jakarta/inject/jakarta.inject-api/2.0.1/jakarta.inject-api-2.0.1.jar:/home/dima/.m2/repository/org/antlr/antlr4-runtime/4.13.0/antlr4-runtime-4.13.0.jar:/home/dima/.m2/repository/org/springframework/data/spring-data-jpa/3.4.4/spring-data-jpa-3.4.4.jar:/home/dima/.m2/repository/org/springframework/data/spring-data-commons/3.4.4/spring-data-commons-3.4.4.jar:/home/dima/.m2/repository/org/springframework/spring-orm/6.2.5/spring-orm-6.2.5.jar:/home/dima/.m2/repository/org/springframework/spring-context/6.2.5/spring-context-6.2.5.jar:/home/dima/.m2/repository/org/springframework/spring-aop/6.2.5/spring-aop-6.2.5.jar:/home/dima/.m2/repository/org/springframework/spring-tx/6.2.5/spring-tx-6.2.5.jar:/home/dima/.m2/repository/org/springframework/spring-beans/6.2.5/spring-beans-6.2.5.jar:/home/dima/.m2/repository/org/slf4j/slf4j-api/2.0.17/slf4j-api-2.0.17.jar:/home/dima/.m2/repository/org/springframework/spring-aspects/6.2.5/spring-aspects-6.2.5.jar:/home/dima/.m2/repository/org/aspectj/aspectjweaver/1.9.23/aspectjweaver-1.9.23.jar:/home/dima/.m2/repository/org/springframework/boot/spring-boot-starter-web/3.4.4/spring-boot-starter-web-3.4.4.jar:/home/dima/.m2/repository/org/springframework/boot/spring-boot-starter-json/3.4.4/spring-boot-starter-json-3.4.4.jar:/home/dima/.m2/repository/com/fasterxml/jackson/core/jackson-databind/2.18.3/jackson-databind-2.18.3.jar:/home/dima/.m2/repository/com/fasterxml/jackson/core/jackson-annotations/2.18.3/jackson-annotations-2.18.3.jar:/home/dima/.m2/repository/com/fasterxml/jackson/core/jackson-core/2.18.3/jackson-core-2.18.3.jar:/home/dima/.m2/repository/com/fasterxml/jackson/datatype/jackson-datatype-jdk8/2.18.3/jackson-datatype-jdk8-2.18.3.jar:/home/dima/.m2/repository/com/fasterxml/jackson/datatype/jackson-datatype-jsr310/2.18.3/jackson-datatype-jsr310-2.18.3.jar:/home/dima/.m2/repository/com/fasterxml/jackson/module/jackson-module-parameter-names/2.18.3/jackson-module-parameter-names-2.18.3.jar:/home/dima/.m2/repository/org/springframework/boot/spring-boot-starter-tomcat/3.4.4/spring-boot-starter-tomcat-3.4.4.jar:/home/dima/.m2/repository/org/apache/tomcat/embed/tomcat-embed-core/10.1.39/tomcat-embed-core-10.1.39.jar:/home/dima/.m2/repository/org/apache/tomcat/embed/tomcat-embed-el/10.1.39/tomcat-embed-el-10.1.39.jar:/home/dima/.m2/repository/org/apache/tomcat/embed/tomcat-embed-websocket/10.1.39/tomcat-embed-websocket-10.1.39.jar:/home/dima/.m2/repository/org/springframework/spring-web/6.2.5/spring-web-6.2.5.jar:/home/dima/.m2/repository/io/micrometer/micrometer-observation/1.14.5/micrometer-observation-1.14.5.jar:/home/dima/.m2/repository/io/micrometer/micrometer-commons/1.14.5/micrometer-commons-1.14.5.jar:/home/dima/.m2/repository/org/springframework/spring-webmvc/6.2.5/spring-webmvc-6.2.5.jar:/home/dima/.m2/repository/org/springframework/spring-expression/6.2.5/spring-expression-6.2.5.jar:/home/dima/.m2/repository/org/postgresql/postgresql/42.7.5/postgresql-42.7.5.jar:/home/dima/.m2/repository/org/checkerframework/checker-qual/3.48.3/checker-qual-3.48.3.jar:/home/dima/.m2/repository/org/projectlombok/lombok/1.18.32/lombok-1.18.32.jar:/home/dima/.m2/repository/org/mapstruct/mapstruct/1.5.5.Final/mapstruct-1.5.5.Final.jar:/home/dima/.m2/repository/org/mapstruct/mapstruct-processor/1.5.5.Final/mapstruct-processor-1.5.5.Final.jar:/home/dima/.m2/repository/org/springframework/boot/spring-boot-starter-test/3.4.4/spring-boot-starter-test-3.4.4.jar:/home/dima/.m2/repository/org/springframework/boot/spring-boot-test/3.4.4/spring-boot-test-3.4.4.jar:/home/dima/.m2/repository/org/springframework/boot/spring-boot-test-autoconfigure/3.4.4/spring-boot-test-autoconfigure-3.4.4.jar:/home/dima/.m2/repository/com/jayway/jsonpath/json-path/2.9.0/json-path-2.9.0.jar:/home/dima/.m2/repository/jakarta/xml/bind/jakarta.xml.bind-api/4.0.2/jakarta.xml.bind-api-4.0.2.jar:/home/dima/.m2/repository/jakarta/activation/jakarta.activation-api/2.1.3/jakarta.activation-api-2.1.3.jar:/home/dima/.m2/repository/net/minidev/json-smart/2.5.2/json-smart-2.5.2.jar:/home/dima/.m2/repository/net/minidev/accessors-smart/2.5.2/accessors-smart-2.5.2.jar:/home/dima/.m2/repository/org/ow2/asm/asm/9.7.1/asm-9.7.1.jar:/home/dima/.m2/repository/org/assertj/assertj-core/3.26.3/assertj-core-3.26.3.jar:/home/dima/.m2/repository/org/awaitility/awaitility/4.2.2/awaitility-4.2.2.jar:/home/dima/.m2/repository/org/hamcrest/hamcrest/2.2/hamcrest-2.2.jar:/home/dima/.m2/repository/org/junit/jupiter/junit-jupiter/5.11.4/junit-jupiter-5.11.4.jar:/home/dima/.m2/repository/org/junit/jupiter/junit-jupiter-api/5.11.4/junit-jupiter-api-5.11.4.jar:/home/dima/.m2/repository/org/opentest4j/opentest4j/1.3.0/opentest4j-1.3.0.jar:/home/dima/.m2/repository/org/junit/platform/junit-platform-commons/1.11.4/junit-platform-commons-1.11.4.jar:/home/dima/.m2/repository/org/apiguardian/apiguardian-api/1.1.2/apiguardian-api-1.1.2.jar:/home/dima/.m2/repository/org/junit/jupiter/junit-jupiter-params/5.11.4/junit-jupiter-params-5.11.4.jar:/home/dima/.m2/repository/org/junit/jupiter/junit-jupiter-engine/5.11.4/junit-jupiter-engine-5.11.4.jar:/home/dima/.m2/repository/org/junit/platform/junit-platform-engine/1.11.4/junit-platform-engine-1.11.4.jar:/home/dima/.m2/repository/org/mockito/mockito-core/5.14.2/mockito-core-5.14.2.jar:/home/dima/.m2/repository/net/bytebuddy/byte-buddy-agent/1.15.11/byte-buddy-agent-1.15.11.jar:/home/dima/.m2/repository/org/objenesis/objenesis/3.3/objenesis-3.3.jar:/home/dima/.m2/repository/org/mockito/mockito-junit-jupiter/5.14.2/mockito-junit-jupiter-5.14.2.jar:/home/dima/.m2/repository/org/skyscreamer/jsonassert/1.5.3/jsonassert-1.5.3.jar:/home/dima/.m2/repository/com/vaadin/external/google/android-json/0.0.20131108.vaadin1/android-json-0.0.20131108.vaadin1.jar:/home/dima/.m2/repository/org/springframework/spring-core/6.2.5/spring-core-6.2.5.jar:/home/dima/.m2/repository/org/springframework/spring-jcl/6.2.5/spring-jcl-6.2.5.jar:/home/dima/.m2/repository/org/springframework/spring-test/6.2.5/spring-test-6.2.5.jar:/home/dima/.m2/repository/org/xmlunit/xmlunit-core/2.10.0/xmlunit-core-2.10.0.jar:/home/dima/.m2/repository/org/springframework/boot/spring-boot-starter-websocket/3.4.4/spring-boot-starter-websocket-3.4.4.jar:/home/dima/.m2/repository/org/springframework/spring-messaging/6.2.5/spring-messaging-6.2.5.jar:/home/dima/.m2/repository/org/springframework/spring-websocket/6.2.5/spring-websocket-6.2.5.jar:"/>
    <property name="java.vm.vendor" value="Debian"/>
    <property name="sun.arch.data.model" value="64"/>
    <property name="java.vendor.url" value="https://tracker.debian.org/openjdk-17"/>
    <property name="user.timezone" value="Europe/Samara"/>
    <property name="org.jboss.logging.provider" value="slf4j"/>
    <property name="os.name" value="Linux"/>
    <property name="java.vm.specification.version" value="17"/>
    <property name="APPLICATION_NAME" value="chat-app"/>
    <property name="sun.java.launcher" value="SUN_STANDARD"/>
    <property name="user.country" value="RU"/>
    <property name="sun.boot.library.path" value="/usr/lib/jvm/java-17-openjdk-amd64/lib"/>
    <property name="sun.java.command" value="/home/dima/Coursework-web/backend/target/surefire/surefirebooter-20250421025644563_3.jar /home/dima/Coursework-web/backend/target/surefire 2025-04-21T02-56-44_409-jvmRun1 surefire-20250421025644563_1tmp surefire_0-20250421025644563_2tmp"/>
    <property name="jdk.debug" value="release"/>
    <property name="surefire.test.class.path" value="/home/dima/Coursework-web/backend/target/test-classes:/home/dima/Coursework-web/backend/target/classes:/home/dima/.m2/repository/org/springframework/boot/spring-boot-starter-data-jpa/3.4.4/spring-boot-starter-data-jpa-3.4.4.jar:/home/dima/.m2/repository/org/springframework/boot/spring-boot-starter/3.4.4/spring-boot-starter-3.4.4.jar:/home/dima/.m2/repository/org/springframework/boot/spring-boot/3.4.4/spring-boot-3.4.4.jar:/home/dima/.m2/repository/org/springframework/boot/spring-boot-autoconfigure/3.4.4/spring-boot-autoconfigure-3.4.4.jar:/home/dima/.m2/repository/org/springframework/boot/spring-boot-starter-logging/3.4.4/spring-boot-starter-logging-3.4.4.jar:/home/dima/.m2/repository/ch/qos/logback/logback-classic/1.5.18/logback-classic-1.5.18.jar:/home/dima/.m2/repository/ch/qos/logback/logback-core/1.5.18/logback-core-1.5.18.jar:/home/dima/.m2/repository/org/apache/logging/log4j/log4j-to-slf4j/2.24.3/log4j-to-slf4j-2.24.3.jar:/home/dima/.m2/repository/org/apache/logging/log4j/log4j-api/2.24.3/log4j-api-2.24.3.jar:/home/dima/.m2/repository/org/slf4j/jul-to-slf4j/2.0.17/jul-to-slf4j-2.0.17.jar:/home/dima/.m2/repository/jakarta/annotation/jakarta.annotation-api/2.1.1/jakarta.annotation-api-2.1.1.jar:/home/dima/.m2/repository/org/yaml/snakeyaml/2.3/snakeyaml-2.3.jar:/home/dima/.m2/repository/org/springframework/boot/spring-boot-starter-jdbc/3.4.4/spring-boot-starter-jdbc-3.4.4.jar:/home/dima/.m2/repository/com/zaxxer/HikariCP/5.1.0/HikariCP-5.1.0.jar:/home/dima/.m2/repository/org/springframework/spring-jdbc/6.2.5/spring-jdbc-6.2.5.jar:/home/dima/.m2/repository/org/hibernate/orm/hibernate-core/6.6.11.Final/hibernate-core-6.6.11.Final.jar:/home/dima/.m2/repository/jakarta/persistence/jakarta.persistence-api/3.1.0/jakarta.persistence-api-3.1.0.jar:/home/dima/.m2/repository/jakarta/transaction/jakarta.transaction-api/2.0.1/jakarta.transaction-api-2.0.1.jar:/home/dima/.m2/repository/org/jboss/logging/jboss-logging/3.6.1.Final/jboss-logging-3.6.1.Final.jar:/home/dima/.m2/repository/org/hibernate/common/hibernate-commons-annotations/7.0.3.Final/hibernate-commons-annotations-7.0.3.Final.jar:/home/dima/.m2/repository/io/smallrye/jandex/3.2.0/jandex-3.2.0.jar:/home/dima/.m2/repository/com/fasterxml/classmate/1.7.0/classmate-1.7.0.jar:/home/dima/.m2/repository/net/bytebuddy/byte-buddy/1.15.11/byte-buddy-1.15.11.jar:/home/dima/.m2/repository/org/glassfish/jaxb/jaxb-runtime/4.0.5/jaxb-runtime-4.0.5.jar:/home/dima/.m2/repository/org/glassfish/jaxb/jaxb-core/4.0.5/jaxb-core-4.0.5.jar:/home/dima/.m2/repository/org/eclipse/angus/angus-activation/2.0.2/angus-activation-2.0.2.jar:/home/dima/.m2/repository/org/glassfish/jaxb/txw2/4.0.5/txw2-4.0.5.jar:/home/dima/.m2/repository/com/sun/istack/istack-commons-runtime/4.1.2/istack-commons-runtime-4.1.2.jar:/home/dima/.m2/repository/jakarta/inject/jakarta.inject-api/2.0.1/jakarta.inject-api-2.0.1.jar:/home/dima/.m2/repository/org/antlr/antlr4-runtime/4.13.0/antlr4-runtime-4.13.0.jar:/home/dima/.m2/repository/org/springframework/data/spring-data-jpa/3.4.4/spring-data-jpa-3.4.4.jar:/home/dima/.m2/repository/org/springframework/data/spring-data-commons/3.4.4/spring-data-commons-3.4.4.jar:/home/dima/.m2/repository/org/springframework/spring-orm/6.2.5/spring-orm-6.2.5.jar:/home/dima/.m2/repository/org/springframework/spring-context/6.2.5/spring-context-6.2.5.jar:/home/dima/.m2/repository/org/springframework/spring-aop/6.2.5/spring-aop-6.2.5.jar:/home/dima/.m2/repository/org/springframework/spring-tx/6.2.5/spring-tx-6.2.5.jar:/home/dima/.m2/repository/org/springframework/spring-beans/6.2.5/spring-beans-6.2.5.jar:/home/dima/.m2/repository/org/slf4j/slf4j-api/2.0.17/slf4j-api-2.0.17.jar:/home/dima/.m2/repository/org/springframework/spring-aspects/6.2.5/spring-aspects-6.2.5.jar:/home/dima/.m2/repository/org/aspectj/aspectjweaver/1.9.23/aspectjweaver-1.9.23.jar:/home/dima/.m2/repository/org/springframework/boot/spring-boot-starter-web/3.4.4/spring-boot-starter-web-3.4.4.jar:/home/dima/.m2/repository/org/springframework/boot/spring-boot-starter-json/3.4.4/spring-boot-starter-json-3.4.4.jar:/home/dima/.m2/repository/com/fasterxml/jackson/core/jackson-databind/2.18.3/jackson-databind-2.18.3.jar:/home/dima/.m2/repository/com/fasterxml/jackson/core/jackson-annotations/2.18.3/jackson-annotations-2.18.3.jar:/home/dima/.m2/repository/com/fasterxml/jackson/core/jackson-core/2.18.3/jackson-core-2.18.3.jar:/home/dima/.m2/repository/com/fasterxml/jackson/datatype/jackson-datatype-jdk8/2.18.3/jackson-datatype-jdk8-2.18.3.jar:/home/dima/.m2/repository/com/fasterxml/jackson/datatype/jackson-datatype-jsr310/2.18.3/jackson-datatype-jsr310-2.18.3.jar:/home/dima/.m2/repository/com/fasterxml/jackson/module/jackson-module-parameter-names/2.18.3/jackson-module-parameter-names-2.18.3.jar:/home/dima/.m2/repository/org/springframework/boot/spring-boot-starter-tomcat/3.4.4/spring-boot-starter-tomcat-3.4.4.jar:/home/dima/.m2/repository/org/apache/tomcat/embed/tomcat-embed-core/10.1.39/tomcat-embed-core-10.1.39.jar:/home/dima/.m2/repository/org/apache/tomcat/embed/tomcat-embed-el/10.1.39/tomcat-embed-el-10.1.39.jar:/home/dima/.m2/repository/org/apache/tomcat/embed/tomcat-embed-websocket/10.1.39/tomcat-embed-websocket-10.1.39.jar:/home/dima/.m2/repository/org/springframework/spring-web/6.2.5/spring-web-6.2.5.jar:/home/dima/.m2/repository/io/micrometer/micrometer-observation/1.14.5/micrometer-observation-1.14.5.jar:/home/dima/.m2/repository/io/micrometer/micrometer-commons/1.14.5/micrometer-commons-1.14.5.jar:/home/dima/.m2/repository/org/springframework/spring-webmvc/6.2.5/spring-webmvc-6.2.5.jar:/home/dima/.m2/repository/org/springframework/spring-expression/6.2.5/spring-expression-6.2.5.jar:/home/dima/.m2/repository/org/postgresql/postgresql/42.7.5/postgresql-42.7.5.jar:/home/dima/.m2/repository/org/checkerframework/checker-qual/3.48.3/checker-qual-3.48.3.jar:/home/dima/.m2/repository/org/projectlombok/lombok/1.18.32/lombok-1.18.32.jar:/home/dima/.m2/repository/org/mapstruct/mapstruct/1.5.5.Final/mapstruct-1.5.5.Final.jar:/home/dima/.m2/repository/org/mapstruct/mapstruct-processor/1.5.5.Final/mapstruct-processor-1.5.5.Final.jar:/home/dima/.m2/repository/org/springframework/boot/spring-boot-starter-test/3.4.4/spring-boot-starter-test-3.4.4.jar:/home/dima/.m2/repository/org/springframework/boot/spring-boot-test/3.4.4/spring-boot-test-3.4.4.jar:/home/dima/.m2/repository/org/springframework/boot/spring-boot-test-autoconfigure/3.4.4/spring-boot-test-autoconfigure-3.4.4.jar:/home/dima/.m2/repository/com/jayway/jsonpath/json-path/2.9.0/json-path-2.9.0.jar:/home/dima/.m2/repository/jakarta/xml/bind/jakarta.xml.bind-api/4.0.2/jakarta.xml.bind-api-4.0.2.jar:/home/dima/.m2/repository/jakarta/activation/jakarta.activation-api/2.1.3/jakarta.activation-api-2.1.3.jar:/home/dima/.m2/repository/net/minidev/json-smart/2.5.2/json-smart-2.5.2.jar:/home/dima/.m2/repository/net/minidev/accessors-smart/2.5.2/accessors-smart-2.5.2.jar:/home/dima/.m2/repository/org/ow2/asm/asm/9.7.1/asm-9.7.1.jar:/home/dima/.m2/repository/org/assertj/assertj-core/3.26.3/assertj-core-3.26.3.jar:/home/dima/.m2/repository/org/awaitility/awaitility/4.2.2/awaitility-4.2.2.jar:/home/dima/.m2/repository/org/hamcrest/hamcrest/2.2/hamcrest-2.2.jar:/home/dima/.m2/repository/org/junit/jupiter/junit-jupiter/5.11.4/junit-jupiter-5.11.4.jar:/home/dima/.m2/repository/org/junit/jupiter/junit-jupiter-api/5.11.4/junit-jupiter-api-5.11.4.jar:/home/dima/.m2/repository/org/opentest4j/opentest4j/1.3.0/opentest4j-1.3.0.jar:/home/dima/.m2/repository/org/junit/platform/junit-platform-commons/1.11.4/junit-platform-commons-1.11.4.jar:/home/dima/.m2/repository/org/apiguardian/apiguardian-api/1.1.2/apiguardian-api-1.1.2.jar:/home/dima/.m2/repository/org/junit/jupiter/junit-jupiter-params/5.11.4/junit-jupiter-params-5.11.4.jar:/home/dima/.m2/repository/org/junit/jupiter/junit-jupiter-engine/5.11.4/junit-jupiter-engine-5.11.4.jar:/home/dima/.m2/repository/org/junit/platform/junit-platform-engine/1.11.4/junit-platform-engine-1.11.4.jar:/home/dima/.m2/repository/org/mockito/mockito-core/5.14.2/mockito-core-5.14.2.jar:/home/dima/.m2/repository/net/bytebuddy/byte-buddy-agent/1.15.11/byte-buddy-agent-1.15.11.jar:/home/dima/.m2/repository/org/objenesis/objenesis/3.3/objenesis-3.3.jar:/home/dima/.m2/repository/org/mockito/mockito-junit-jupiter/5.14.2/mockito-junit-jupiter-5.14.2.jar:/home/dima/.m2/repository/org/skyscreamer/jsonassert/1.5.3/jsonassert-1.5.3.jar:/home/dima/.m2/repository/com/vaadin/external/google/android-json/0.0.20131108.vaadin1/android-json-0.0.20131108.vaadin1.jar:/home/dima/.m2/repository/org/springframework/spring-core/6.2.5/spring-core-6.2.5.jar:/home/dima/.m2/repository/org/springframework/spring-jcl/6.2.5/spring-jcl-6.2.5.jar:/home/dima/.m2/repository/org/springframework/spring-test/6.2.5/spring-test-6.2.5.jar:/home/dima/.m2/repository/org/xmlunit/xmlunit-core/2.10.0/xmlunit-core-2.10.0.jar:/home/dima/.m2/repository/org/springframework/boot/spring-boot-starter-websocket/3.4.4/spring-boot-starter-websocket-3.4.4.jar:/home/dima/.m2/repository/org/springframework/spring-messaging/6.2.5/spring-messaging-6.2.5.jar:/home/dima/.m2/repository/org/springframework/spring-websocket/6.2.5/spring-websocket-6.2.5.jar:"/>
    <property name="sun.cpu.endian" value="little"/>
    <property name="user.home" value="/home/dima"/>
    <property name="user.language" value="ru"/>
    <property name="java.specification.vendor" value="Oracle Corporation"/>
    <property name="java.version.date" value="2025-01-21"/>
    <property name="java.home" value="/usr/lib/jvm/java-17-openjdk-amd64"/>
    <property name="file.separator" value="/"/>
    <property name="basedir" value="/home/dima/Coursework-web/backend"/>
    <property name="java.vm.compressedOopsMode" value="Zero based"/>
    <property name="line.separator" value="&#10;"/>
    <property name="java.specification.name" value="Java Platform API Specification"/>
    <property name="java.vm.specification.vendor" value="Oracle Corporation"/>
    <property name="FILE_LOG_CHARSET" value="UTF-8"/>
    <property name="java.awt.headless" value="true"/>
    <property name="surefire.real.class.path" value="/home/dima/Coursework-web/backend/target/surefire/surefirebooter-20250421025644563_3.jar"/>
    <property name="sun.management.compiler" value="HotSpot 64-Bit Tiered Compilers"/>
    <property name="java.runtime.version" value="17.0.14+7-Debian-1deb12u1"/>
    <property name="user.name" value="dima"/>
    <property name="path.separator" value=":"/>
    <property name="os.version" value="6.12.12+bpo-amd64"/>
    <property name="java.runtime.name" value="OpenJDK Runtime Environment"/>
    <property name="file.encoding" value="UTF-8"/>
    <property name="java.vm.name" value="OpenJDK 64-Bit Server VM"/>
    <property name="localRepository" value="/home/dima/.m2/repository"/>
    <property name="java.vendor.url.bug" value="https://bugs.debian.org/openjdk-17"/>
    <property name="java.io.tmpdir" value="/tmp"/>
    <property name="com.zaxxer.hikari.pool_number" value="1"/>
    <property name="java.version" value="17.0.14"/>
    <property name="user.dir" value="/home/dima/Coursework-web/backend"/>
    <property name="os.arch" value="amd64"/>
    <property name="java.vm.specification.name" value="Java Virtual Machine Specification"/>
    <property name="PID" value="306888"/>
    <property name="CONSOLE_LOG_CHARSET" value="UTF-8"/>
    <property name="native.encoding" value="UTF-8"/>
    <property name="java.library.path" value="/usr/java/packages/lib:/usr/lib/x86_64-linux-gnu/jni:/lib/x86_64-linux-gnu:/usr/lib/x86_64-linux-gnu:/usr/lib/jni:/lib:/usr/lib"/>
    <property name="java.vm.info" value="mixed mode, sharing"/>
    <property name="java.vendor" value="Debian"/>
    <property name="java.vm.version" value="17.0.14+7-Debian-1deb12u1"/>
    <property name="java.specification.maintenance.version" value="1"/>
    <property name="sun.io.unicode.encoding" value="UnicodeLittle"/>
    <property name="java.class.version" value="61.0"/>
    <property name="LOGGED_APPLICATION_NAME" value="[chat-app] "/>
  </properties>
  <testcase name="contextLoads" classname="com.example.chat_app.ChatAppApplicationTests" time="0.412">
    <system-out><![CDATA[02:56:45.063 [main] INFO org.springframework.test.context.support.AnnotationConfigContextLoaderUtils -- Could not detect default configuration classes for test class [com.example.chat_app.ChatAppApplicationTests]: ChatAppApplicationTests does not declare any static, non-private, non-final, nested classes annotated with @Configuration.
02:56:45.131 [main] INFO org.springframework.boot.test.context.SpringBootTestContextBootstrapper -- Found @SpringBootConfiguration com.example.chat_app.ChatAppApplication for test class com.example.chat_app.ChatAppApplicationTests

  .   ____          _            __ _ _
 /\\ / ___'_ __ _ _(_)_ __  __ _ \ \ \ \
( ( )\___ | '_ | '_| | '_ \/ _` | \ \ \ \
 \\/  ___)| |_)| | | | | || (_| |  ) ) ) )
  '  |____| .__|_| |_|_| |_\__, | / / / /
 =========|_|==============|___/=/_/_/_/

 :: Spring Boot ::                (v3.4.4)

2025-04-21T02:56:45.365+04:00  INFO 306888 --- [chat-app] [           main] c.e.chat_app.ChatAppApplicationTests     : Starting ChatAppApplicationTests using Java 17.0.14 with PID 306888 (started by dima in /home/dima/Coursework-web/backend)
2025-04-21T02:56:45.366+04:00  INFO 306888 --- [chat-app] [           main] c.e.chat_app.ChatAppApplicationTests     : No active profile set, falling back to 1 default profile: "default"
2025-04-21T02:56:45.734+04:00  INFO 306888 --- [chat-app] [           main] .s.d.r.c.RepositoryConfigurationDelegate : Bootstrapping Spring Data JPA repositories in DEFAULT mode.
2025-04-21T02:56:45.783+04:00  INFO 306888 --- [chat-app] [           main] .s.d.r.c.RepositoryConfigurationDelegate : Finished Spring Data repository scanning in 42 ms. Found 7 JPA repository interfaces.
2025-04-21T02:56:46.038+04:00  INFO 306888 --- [chat-app] [           main] o.hibernate.jpa.internal.util.LogHelper  : HHH000204: Processing PersistenceUnitInfo [name: default]
2025-04-21T02:56:46.065+04:00  INFO 306888 --- [chat-app] [           main] org.hibernate.Version                    : HHH000412: Hibernate ORM core version 6.6.11.Final
2025-04-21T02:56:46.083+04:00  INFO 306888 --- [chat-app] [           main] o.h.c.internal.RegionFactoryInitiator    : HHH000026: Second-level cache disabled
2025-04-21T02:56:46.126+04:00 DEBUG 306888 --- [chat-app] [           main] org.hibernate.type.BasicTypeRegistry     : Adding type registration boolean -> org.hibernate.type.BasicTypeReference@2a8f6e6
2025-04-21T02:56:46.127+04:00 DEBUG 306888 --- [chat-app] [           main] org.hibernate.type.BasicTypeRegistry     : Adding type registration boolean -> org.hibernate.type.BasicTypeReference@2a8f6e6
2025-04-21T02:56:46.127+04:00 DEBUG 306888 --- [chat-app] [           main] org.hibernate.type.BasicTypeRegistry     : Adding type registration java.lang.Boolean -> org.hibernate.type.BasicTypeReference@2a8f6e6
2025-04-21T02:56:46.127+04:00 DEBUG 306888 --- [chat-app] [           main] org.hibernate.type.BasicTypeRegistry     : Adding type registration numeric_boolean -> org.hibernate.type.BasicTypeReference@1ac730cd
2025-04-21T02:56:46.127+04:00 DEBUG 306888 --- [chat-app] [           main] org.hibernate.type.BasicTypeRegistry     : Adding type registration org.hibernate.type.NumericBooleanConverter -> org.hibernate.type.BasicTypeReference@1ac730cd
2025-04-21T02:56:46.127+04:00 DEBUG 306888 --- [chat-app] [           main] org.hibernate.type.BasicTypeRegistry     : Adding type registration true_false -> org.hibernate.type.BasicTypeReference@668cc9a2
2025-04-21T02:56:46.127+04:00 DEBUG 306888 --- [chat-app] [           main] org.hibernate.type.BasicTypeRegistry     : Adding type registration org.hibernate.type.TrueFalseConverter -> org.hibernate.type.BasicTypeReference@668cc9a2
2025-04-21T02:56:46.127+04:00 DEBUG 306888 --- [chat-app] [           main] org.hibernate.type.BasicTypeRegistry     : Adding type registration yes_no -> org.hibernate.type.BasicTypeReference@5aa62ee7
2025-04-21T02:56:46.127+04:00 DEBUG 306888 --- [chat-app] [           main] org.hibernate.type.BasicTypeRegistry     : Adding type registration org.hibernate.type.YesNoConverter -> org.hibernate.type.BasicTypeReference@5aa62ee7
2025-04-21T02:56:46.128+04:00 DEBUG 306888 --- [chat-app] [           main] org.hibernate.type.BasicTypeRegistry     : Adding type registration byte -> org.hibernate.type.BasicTypeReference@1f7cec93
2025-04-21T02:56:46.128+04:00 DEBUG 306888 --- [chat-app] [           main] org.hibernate.type.BasicTypeRegistry     : Adding type registration byte -> org.hibernate.type.BasicTypeReference@1f7cec93
2025-04-21T02:56:46.128+04:00 DEBUG 306888 --- [chat-app] [           main] org.hibernate.type.BasicTypeRegistry     : Adding type registration java.lang.Byte -> org.hibernate.type.BasicTypeReference@1f7cec93
2025-04-21T02:56:46.128+04:00 DEBUG 306888 --- [chat-app] [           main] org.hibernate.type.BasicTypeRegistry     : Adding type registration binary -> org.hibernate.type.BasicTypeReference@3c9ef6e9
2025-04-21T02:56:46.128+04:00 DEBUG 306888 --- [chat-app] [           main] org.hibernate.type.BasicTypeRegistry     : Adding type registration byte[] -> org.hibernate.type.BasicTypeReference@3c9ef6e9
2025-04-21T02:56:46.128+04:00 DEBUG 306888 --- [chat-app] [           main] org.hibernate.type.BasicTypeRegistry     : Adding type registration [B -> org.hibernate.type.BasicTypeReference@3c9ef6e9
2025-04-21T02:56:46.128+04:00 DEBUG 306888 --- [chat-app] [           main] org.hibernate.type.BasicTypeRegistry     : Adding type registration binary_wrapper -> org.hibernate.type.BasicTypeReference@2f054f70
2025-04-21T02:56:46.129+04:00 DEBUG 306888 --- [chat-app] [           main] org.hibernate.type.BasicTypeRegistry     : Adding type registration wrapper-binary -> org.hibernate.type.BasicTypeReference@2f054f70
2025-04-21T02:56:46.129+04:00 DEBUG 306888 --- [chat-app] [           main] org.hibernate.type.BasicTypeRegistry     : Adding type registration image -> org.hibernate.type.BasicTypeReference@6467ddc7
2025-04-21T02:56:46.129+04:00 DEBUG 306888 --- [chat-app] [           main] org.hibernate.type.BasicTypeRegistry     : Adding type registration blob -> org.hibernate.type.BasicTypeReference@27b337bb
2025-04-21T02:56:46.129+04:00 DEBUG 306888 --- [chat-app] [           main] org.hibernate.type.BasicTypeRegistry     : Adding type registration java.sql.Blob -> org.hibernate.type.BasicTypeReference@27b337bb
2025-04-21T02:56:46.129+04:00 DEBUG 306888 --- [chat-app] [           main] org.hibernate.type.BasicTypeRegistry     : Adding type registration materialized_blob -> org.hibernate.type.BasicTypeReference@59636c47
2025-04-21T02:56:46.129+04:00 DEBUG 306888 --- [chat-app] [           main] org.hibernate.type.BasicTypeRegistry     : Adding type registration materialized_blob_wrapper -> org.hibernate.type.BasicTypeReference@5c18d6d4
2025-04-21T02:56:46.129+04:00 DEBUG 306888 --- [chat-app] [           main] org.hibernate.type.BasicTypeRegistry     : Adding type registration short -> org.hibernate.type.BasicTypeReference@6cbb175
2025-04-21T02:56:46.129+04:00 DEBUG 306888 --- [chat-app] [           main] org.hibernate.type.BasicTypeRegistry     : Adding type registration short -> org.hibernate.type.BasicTypeReference@6cbb175
2025-04-21T02:56:46.129+04:00 DEBUG 306888 --- [chat-app] [           main] org.hibernate.type.BasicTypeRegistry     : Adding type registration java.lang.Short -> org.hibernate.type.BasicTypeReference@6cbb175
2025-04-21T02:56:46.129+04:00 DEBUG 306888 --- [chat-app] [           main] org.hibernate.type.BasicTypeRegistry     : Adding type registration integer -> org.hibernate.type.BasicTypeReference@38fb50f8
2025-04-21T02:56:46.130+04:00 DEBUG 306888 --- [chat-app] [           main] org.hibernate.type.BasicTypeRegistry     : Adding type registration int -> org.hibernate.type.BasicTypeReference@38fb50f8
2025-04-21T02:56:46.130+04:00 DEBUG 306888 --- [chat-app] [           main] org.hibernate.type.BasicTypeRegistry     : Adding type registration java.lang.Integer -> org.hibernate.type.BasicTypeReference@38fb50f8
2025-04-21T02:56:46.130+04:00 DEBUG 306888 --- [chat-app] [           main] org.hibernate.type.BasicTypeRegistry     : Adding type registration long -> org.hibernate.type.BasicTypeReference@7ab802f4
2025-04-21T02:56:46.130+04:00 DEBUG 306888 --- [chat-app] [           main] org.hibernate.type.BasicTypeRegistry     : Adding type registration long -> org.hibernate.type.BasicTypeReference@7ab802f4
2025-04-21T02:56:46.130+04:00 DEBUG 306888 --- [chat-app] [           main] org.hibernate.type.BasicTypeRegistry     : Adding type registration java.lang.Long -> org.hibernate.type.BasicTypeReference@7ab802f4
2025-04-21T02:56:46.130+04:00 DEBUG 306888 --- [chat-app] [           main] org.hibernate.type.BasicTypeRegistry     : Adding type registration float -> org.hibernate.type.BasicTypeReference@608cd501
2025-04-21T02:56:46.130+04:00 DEBUG 306888 --- [chat-app] [           main] org.hibernate.type.BasicTypeRegistry     : Adding type registration float -> org.hibernate.type.BasicTypeReference@608cd501
2025-04-21T02:56:46.130+04:00 DEBUG 306888 --- [chat-app] [           main] org.hibernate.type.BasicTypeRegistry     : Adding type registration java.lang.Float -> org.hibernate.type.BasicTypeReference@608cd501
2025-04-21T02:56:46.130+04:00 DEBUG 306888 --- [chat-app] [           main] org.hibernate.type.BasicTypeRegistry     : Adding type registration double -> org.hibernate.type.BasicTypeReference@3b97907c
2025-04-21T02:56:46.130+04:00 DEBUG 306888 --- [chat-app] [           main] org.hibernate.type.BasicTypeRegistry     : Adding type registration double -> org.hibernate.type.BasicTypeReference@3b97907c
2025-04-21T02:56:46.131+04:00 DEBUG 306888 --- [chat-app] [           main] org.hibernate.type.BasicTypeRegistry     : Adding type registration java.lang.Double -> org.hibernate.type.BasicTypeReference@3b97907c
2025-04-21T02:56:46.131+04:00 DEBUG 306888 --- [chat-app] [           main] org.hibernate.type.BasicTypeRegistry     : Adding type registration big_integer -> org.hibernate.type.BasicTypeReference@59096b66
2025-04-21T02:56:46.131+04:00 DEBUG 306888 --- [chat-app] [           main] org.hibernate.type.BasicTypeRegistry     : Adding type registration java.math.BigInteger -> org.hibernate.type.BasicTypeReference@59096b66
2025-04-21T02:56:46.131+04:00 DEBUG 306888 --- [chat-app] [           main] org.hibernate.type.BasicTypeRegistry     : Adding type registration big_decimal -> org.hibernate.type.BasicTypeReference@631c6d11
2025-04-21T02:56:46.131+04:00 DEBUG 306888 --- [chat-app] [           main] org.hibernate.type.BasicTypeRegistry     : Adding type registration java.math.BigDecimal -> org.hibernate.type.BasicTypeReference@631c6d11
2025-04-21T02:56:46.131+04:00 DEBUG 306888 --- [chat-app] [           main] org.hibernate.type.BasicTypeRegistry     : Adding type registration character -> org.hibernate.type.BasicTypeReference@65be88ae
2025-04-21T02:56:46.131+04:00 DEBUG 306888 --- [chat-app] [           main] org.hibernate.type.BasicTypeRegistry     : Adding type registration char -> org.hibernate.type.BasicTypeReference@65be88ae
2025-04-21T02:56:46.131+04:00 DEBUG 306888 --- [chat-app] [           main] org.hibernate.type.BasicTypeRegistry     : Adding type registration java.lang.Character -> org.hibernate.type.BasicTypeReference@65be88ae
2025-04-21T02:56:46.132+04:00 DEBUG 306888 --- [chat-app] [           main] org.hibernate.type.BasicTypeRegistry     : Adding type registration character_nchar -> org.hibernate.type.BasicTypeReference@62ade015
2025-04-21T02:56:46.132+04:00 DEBUG 306888 --- [chat-app] [           main] org.hibernate.type.BasicTypeRegistry     : Adding type registration string -> org.hibernate.type.BasicTypeReference@70ede57d
2025-04-21T02:56:46.132+04:00 DEBUG 306888 --- [chat-app] [           main] org.hibernate.type.BasicTypeRegistry     : Adding type registration java.lang.String -> org.hibernate.type.BasicTypeReference@70ede57d
2025-04-21T02:56:46.132+04:00 DEBUG 306888 --- [chat-app] [           main] org.hibernate.type.BasicTypeRegistry     : Adding type registration nstring -> org.hibernate.type.BasicTypeReference@70997a94
2025-04-21T02:56:46.132+04:00 DEBUG 306888 --- [chat-app] [           main] org.hibernate.type.BasicTypeRegistry     : Adding type registration characters -> org.hibernate.type.BasicTypeReference@61f377d1
2025-04-21T02:56:46.132+04:00 DEBUG 306888 --- [chat-app] [           main] org.hibernate.type.BasicTypeRegistry     : Adding type registration char[] -> org.hibernate.type.BasicTypeReference@61f377d1
2025-04-21T02:56:46.132+04:00 DEBUG 306888 --- [chat-app] [           main] org.hibernate.type.BasicTypeRegistry     : Adding type registration [C -> org.hibernate.type.BasicTypeReference@61f377d1
2025-04-21T02:56:46.132+04:00 DEBUG 306888 --- [chat-app] [           main] org.hibernate.type.BasicTypeRegistry     : Adding type registration wrapper-characters -> org.hibernate.type.BasicTypeReference@6c538eb2
2025-04-21T02:56:46.132+04:00 DEBUG 306888 --- [chat-app] [           main] org.hibernate.type.BasicTypeRegistry     : Adding type registration text -> org.hibernate.type.BasicTypeReference@738a5848
2025-04-21T02:56:46.132+04:00 DEBUG 306888 --- [chat-app] [           main] org.hibernate.type.BasicTypeRegistry     : Adding type registration ntext -> org.hibernate.type.BasicTypeReference@487cd177
2025-04-21T02:56:46.132+04:00 DEBUG 306888 --- [chat-app] [           main] org.hibernate.type.BasicTypeRegistry     : Adding type registration clob -> org.hibernate.type.BasicTypeReference@324b6a56
2025-04-21T02:56:46.133+04:00 DEBUG 306888 --- [chat-app] [           main] org.hibernate.type.BasicTypeRegistry     : Adding type registration java.sql.Clob -> org.hibernate.type.BasicTypeReference@324b6a56
2025-04-21T02:56:46.133+04:00 DEBUG 306888 --- [chat-app] [           main] org.hibernate.type.BasicTypeRegistry     : Adding type registration nclob -> org.hibernate.type.BasicTypeReference@421d54b3
2025-04-21T02:56:46.133+04:00 DEBUG 306888 --- [chat-app] [           main] org.hibernate.type.BasicTypeRegistry     : Adding type registration java.sql.NClob -> org.hibernate.type.BasicTypeReference@421d54b3
2025-04-21T02:56:46.133+04:00 DEBUG 306888 --- [chat-app] [           main] org.hibernate.type.BasicTypeRegistry     : Adding type registration materialized_clob -> org.hibernate.type.BasicTypeReference@63f40ca0
2025-04-21T02:56:46.133+04:00 DEBUG 306888 --- [chat-app] [           main] org.hibernate.type.BasicTypeRegistry     : Adding type registration materialized_clob_char_array -> org.hibernate.type.BasicTypeReference@4dad8ec0
2025-04-21T02:56:46.133+04:00 DEBUG 306888 --- [chat-app] [           main] org.hibernate.type.BasicTypeRegistry     : Adding type registration materialized_clob_character_array -> org.hibernate.type.BasicTypeReference@24dd44f9
2025-04-21T02:56:46.133+04:00 DEBUG 306888 --- [chat-app] [           main] org.hibernate.type.BasicTypeRegistry     : Adding type registration materialized_nclob -> org.hibernate.type.BasicTypeReference@ccd341d
2025-04-21T02:56:46.133+04:00 DEBUG 306888 --- [chat-app] [           main] org.hibernate.type.BasicTypeRegistry     : Adding type registration materialized_nclob_character_array -> org.hibernate.type.BasicTypeReference@4f1fb828
2025-04-21T02:56:46.133+04:00 DEBUG 306888 --- [chat-app] [           main] org.hibernate.type.BasicTypeRegistry     : Adding type registration materialized_nclob_char_array -> org.hibernate.type.BasicTypeReference@6ee5f485
2025-04-21T02:56:46.133+04:00 DEBUG 306888 --- [chat-app] [           main] org.hibernate.type.BasicTypeRegistry     : Adding type registration Duration -> org.hibernate.type.BasicTypeReference@20d19f2c
2025-04-21T02:56:46.134+04:00 DEBUG 306888 --- [chat-app] [           main] org.hibernate.type.BasicTypeRegistry     : Adding type registration java.time.Duration -> org.hibernate.type.BasicTypeReference@20d19f2c
2025-04-21T02:56:46.134+04:00 DEBUG 306888 --- [chat-app] [           main] org.hibernate.type.BasicTypeRegistry     : Adding type registration LocalDateTime -> org.hibernate.type.BasicTypeReference@45592af7
2025-04-21T02:56:46.134+04:00 DEBUG 306888 --- [chat-app] [           main] org.hibernate.type.BasicTypeRegistry     : Adding type registration java.time.LocalDateTime -> org.hibernate.type.BasicTypeReference@45592af7
2025-04-21T02:56:46.134+04:00 DEBUG 306888 --- [chat-app] [           main] org.hibernate.type.BasicTypeRegistry     : Adding type registration LocalDate -> org.hibernate.type.BasicTypeReference@77b5148c
2025-04-21T02:56:46.134+04:00 DEBUG 306888 --- [chat-app] [           main] org.hibernate.type.BasicTypeRegistry     : Adding type registration java.time.LocalDate -> org.hibernate.type.BasicTypeReference@77b5148c
2025-04-21T02:56:46.134+04:00 DEBUG 306888 --- [chat-app] [           main] org.hibernate.type.BasicTypeRegistry     : Adding type registration LocalTime -> org.hibernate.type.BasicTypeReference@36359723
2025-04-21T02:56:46.134+04:00 DEBUG 306888 --- [chat-app] [           main] org.hibernate.type.BasicTypeRegistry     : Adding type registration java.time.LocalTime -> org.hibernate.type.BasicTypeReference@36359723
2025-04-21T02:56:46.134+04:00 DEBUG 306888 --- [chat-app] [           main] org.hibernate.type.BasicTypeRegistry     : Adding type registration OffsetDateTime -> org.hibernate.type.BasicTypeReference@1ab14636
2025-04-21T02:56:46.134+04:00 DEBUG 306888 --- [chat-app] [           main] org.hibernate.type.BasicTypeRegistry     : Adding type registration java.time.OffsetDateTime -> org.hibernate.type.BasicTypeReference@1ab14636
2025-04-21T02:56:46.134+04:00 DEBUG 306888 --- [chat-app] [           main] org.hibernate.type.BasicTypeRegistry     : Adding type registration OffsetDateTimeWithTimezone -> org.hibernate.type.BasicTypeReference@16b3c905
2025-04-21T02:56:46.134+04:00 DEBUG 306888 --- [chat-app] [           main] org.hibernate.type.BasicTypeRegistry     : Adding type registration OffsetDateTimeWithoutTimezone -> org.hibernate.type.BasicTypeReference@49fdbe2b
2025-04-21T02:56:46.134+04:00 DEBUG 306888 --- [chat-app] [           main] org.hibernate.type.BasicTypeRegistry     : Adding type registration OffsetTime -> org.hibernate.type.BasicTypeReference@53eba4b8
2025-04-21T02:56:46.135+04:00 DEBUG 306888 --- [chat-app] [           main] org.hibernate.type.BasicTypeRegistry     : Adding type registration java.time.OffsetTime -> org.hibernate.type.BasicTypeReference@53eba4b8
2025-04-21T02:56:46.135+04:00 DEBUG 306888 --- [chat-app] [           main] org.hibernate.type.BasicTypeRegistry     : Adding type registration OffsetTimeUtc -> org.hibernate.type.BasicTypeReference@437bd805
2025-04-21T02:56:46.135+04:00 DEBUG 306888 --- [chat-app] [           main] org.hibernate.type.BasicTypeRegistry     : Adding type registration OffsetTimeWithTimezone -> org.hibernate.type.BasicTypeReference@4b88ca8e
2025-04-21T02:56:46.135+04:00 DEBUG 306888 --- [chat-app] [           main] org.hibernate.type.BasicTypeRegistry     : Adding type registration OffsetTimeWithoutTimezone -> org.hibernate.type.BasicTypeReference@6fa02932
2025-04-21T02:56:46.135+04:00 DEBUG 306888 --- [chat-app] [           main] org.hibernate.type.BasicTypeRegistry     : Adding type registration ZonedDateTime -> org.hibernate.type.BasicTypeReference@61608e1a
2025-04-21T02:56:46.135+04:00 DEBUG 306888 --- [chat-app] [           main] org.hibernate.type.BasicTypeRegistry     : Adding type registration java.time.ZonedDateTime -> org.hibernate.type.BasicTypeReference@61608e1a
2025-04-21T02:56:46.135+04:00 DEBUG 306888 --- [chat-app] [           main] org.hibernate.type.BasicTypeRegistry     : Adding type registration ZonedDateTimeWithTimezone -> org.hibernate.type.BasicTypeReference@7c46c9c3
2025-04-21T02:56:46.135+04:00 DEBUG 306888 --- [chat-app] [           main] org.hibernate.type.BasicTypeRegistry     : Adding type registration ZonedDateTimeWithoutTimezone -> org.hibernate.type.BasicTypeReference@7197b07f
2025-04-21T02:56:46.135+04:00 DEBUG 306888 --- [chat-app] [           main] org.hibernate.type.BasicTypeRegistry     : Adding type registration date -> org.hibernate.type.BasicTypeReference@1f10fec6
2025-04-21T02:56:46.135+04:00 DEBUG 306888 --- [chat-app] [           main] org.hibernate.type.BasicTypeRegistry     : Adding type registration java.sql.Date -> org.hibernate.type.BasicTypeReference@1f10fec6
2025-04-21T02:56:46.135+04:00 DEBUG 306888 --- [chat-app] [           main] org.hibernate.type.BasicTypeRegistry     : Adding type registration time -> org.hibernate.type.BasicTypeReference@7a65a360
2025-04-21T02:56:46.135+04:00 DEBUG 306888 --- [chat-app] [           main] org.hibernate.type.BasicTypeRegistry     : Adding type registration java.sql.Time -> org.hibernate.type.BasicTypeReference@7a65a360
2025-04-21T02:56:46.135+04:00 DEBUG 306888 --- [chat-app] [           main] org.hibernate.type.BasicTypeRegistry     : Adding type registration timestamp -> org.hibernate.type.BasicTypeReference@30a7653e
2025-04-21T02:56:46.136+04:00 DEBUG 306888 --- [chat-app] [           main] org.hibernate.type.BasicTypeRegistry     : Adding type registration java.sql.Timestamp -> org.hibernate.type.BasicTypeReference@30a7653e
2025-04-21T02:56:46.136+04:00 DEBUG 306888 --- [chat-app] [           main] org.hibernate.type.BasicTypeRegistry     : Adding type registration java.util.Date -> org.hibernate.type.BasicTypeReference@30a7653e
2025-04-21T02:56:46.136+04:00 DEBUG 306888 --- [chat-app] [           main] org.hibernate.type.BasicTypeRegistry     : Adding type registration calendar -> org.hibernate.type.BasicTypeReference@7cff3f1d
2025-04-21T02:56:46.136+04:00 DEBUG 306888 --- [chat-app] [           main] org.hibernate.type.BasicTypeRegistry     : Adding type registration java.util.Calendar -> org.hibernate.type.BasicTypeReference@7cff3f1d
2025-04-21T02:56:46.136+04:00 DEBUG 306888 --- [chat-app] [           main] org.hibernate.type.BasicTypeRegistry     : Adding type registration java.util.GregorianCalendar -> org.hibernate.type.BasicTypeReference@7cff3f1d
2025-04-21T02:56:46.136+04:00 DEBUG 306888 --- [chat-app] [           main] org.hibernate.type.BasicTypeRegistry     : Adding type registration calendar_date -> org.hibernate.type.BasicTypeReference@6401188a
2025-04-21T02:56:46.136+04:00 DEBUG 306888 --- [chat-app] [           main] org.hibernate.type.BasicTypeRegistry     : Adding type registration calendar_time -> org.hibernate.type.BasicTypeReference@33a8c9c9
2025-04-21T02:56:46.136+04:00 DEBUG 306888 --- [chat-app] [           main] org.hibernate.type.BasicTypeRegistry     : Adding type registration instant -> org.hibernate.type.BasicTypeReference@382dc417
2025-04-21T02:56:46.136+04:00 DEBUG 306888 --- [chat-app] [           main] org.hibernate.type.BasicTypeRegistry     : Adding type registration java.time.Instant -> org.hibernate.type.BasicTypeReference@382dc417
2025-04-21T02:56:46.136+04:00 DEBUG 306888 --- [chat-app] [           main] org.hibernate.type.BasicTypeRegistry     : Adding type registration uuid -> org.hibernate.type.BasicTypeReference@3daf03d8
2025-04-21T02:56:46.136+04:00 DEBUG 306888 --- [chat-app] [           main] org.hibernate.type.BasicTypeRegistry     : Adding type registration java.util.UUID -> org.hibernate.type.BasicTypeReference@3daf03d8
2025-04-21T02:56:46.136+04:00 DEBUG 306888 --- [chat-app] [           main] org.hibernate.type.BasicTypeRegistry     : Adding type registration pg-uuid -> org.hibernate.type.BasicTypeReference@3daf03d8
2025-04-21T02:56:46.136+04:00 DEBUG 306888 --- [chat-app] [           main] org.hibernate.type.BasicTypeRegistry     : Adding type registration uuid-binary -> org.hibernate.type.BasicTypeReference@510689af
2025-04-21T02:56:46.136+04:00 DEBUG 306888 --- [chat-app] [           main] org.hibernate.type.BasicTypeRegistry     : Adding type registration uuid-char -> org.hibernate.type.BasicTypeReference@2415e4c7
2025-04-21T02:56:46.136+04:00 DEBUG 306888 --- [chat-app] [           main] org.hibernate.type.BasicTypeRegistry     : Adding type registration class -> org.hibernate.type.BasicTypeReference@72ce812e
2025-04-21T02:56:46.137+04:00 DEBUG 306888 --- [chat-app] [           main] org.hibernate.type.BasicTypeRegistry     : Adding type registration java.lang.Class -> org.hibernate.type.BasicTypeReference@72ce812e
2025-04-21T02:56:46.137+04:00 DEBUG 306888 --- [chat-app] [           main] org.hibernate.type.BasicTypeRegistry     : Adding type registration currency -> org.hibernate.type.BasicTypeReference@373afd6c
2025-04-21T02:56:46.137+04:00 DEBUG 306888 --- [chat-app] [           main] org.hibernate.type.BasicTypeRegistry     : Adding type registration Currency -> org.hibernate.type.BasicTypeReference@373afd6c
2025-04-21T02:56:46.137+04:00 DEBUG 306888 --- [chat-app] [           main] org.hibernate.type.BasicTypeRegistry     : Adding type registration java.util.Currency -> org.hibernate.type.BasicTypeReference@373afd6c
2025-04-21T02:56:46.137+04:00 DEBUG 306888 --- [chat-app] [           main] org.hibernate.type.BasicTypeRegistry     : Adding type registration locale -> org.hibernate.type.BasicTypeReference@521441d5
2025-04-21T02:56:46.137+04:00 DEBUG 306888 --- [chat-app] [           main] org.hibernate.type.BasicTypeRegistry     : Adding type registration java.util.Locale -> org.hibernate.type.BasicTypeReference@521441d5
2025-04-21T02:56:46.137+04:00 DEBUG 306888 --- [chat-app] [           main] org.hibernate.type.BasicTypeRegistry     : Adding type registration serializable -> org.hibernate.type.BasicTypeReference@592ca48c
2025-04-21T02:56:46.137+04:00 DEBUG 306888 --- [chat-app] [           main] org.hibernate.type.BasicTypeRegistry     : Adding type registration java.io.Serializable -> org.hibernate.type.BasicTypeReference@592ca48c
2025-04-21T02:56:46.137+04:00 DEBUG 306888 --- [chat-app] [           main] org.hibernate.type.BasicTypeRegistry     : Adding type registration timezone -> org.hibernate.type.BasicTypeReference@5fed9976
2025-04-21T02:56:46.137+04:00 DEBUG 306888 --- [chat-app] [           main] org.hibernate.type.BasicTypeRegistry     : Adding type registration java.util.TimeZone -> org.hibernate.type.BasicTypeReference@5fed9976
2025-04-21T02:56:46.137+04:00 DEBUG 306888 --- [chat-app] [           main] org.hibernate.type.BasicTypeRegistry     : Adding type registration ZoneOffset -> org.hibernate.type.BasicTypeReference@3fdcde7a
2025-04-21T02:56:46.137+04:00 DEBUG 306888 --- [chat-app] [           main] org.hibernate.type.BasicTypeRegistry     : Adding type registration java.time.ZoneOffset -> org.hibernate.type.BasicTypeReference@3fdcde7a
2025-04-21T02:56:46.137+04:00 DEBUG 306888 --- [chat-app] [           main] org.hibernate.type.BasicTypeRegistry     : Adding type registration url -> org.hibernate.type.BasicTypeReference@4f363abd
2025-04-21T02:56:46.137+04:00 DEBUG 306888 --- [chat-app] [           main] org.hibernate.type.BasicTypeRegistry     : Adding type registration java.net.URL -> org.hibernate.type.BasicTypeReference@4f363abd
2025-04-21T02:56:46.137+04:00 DEBUG 306888 --- [chat-app] [           main] org.hibernate.type.BasicTypeRegistry     : Adding type registration vector -> org.hibernate.type.BasicTypeReference@7302ff13
2025-04-21T02:56:46.138+04:00 DEBUG 306888 --- [chat-app] [           main] org.hibernate.type.BasicTypeRegistry     : Adding type registration float_vector -> org.hibernate.type.BasicTypeReference@4017fe2c
2025-04-21T02:56:46.138+04:00 DEBUG 306888 --- [chat-app] [           main] org.hibernate.type.BasicTypeRegistry     : Adding type registration double_vector -> org.hibernate.type.BasicTypeReference@1961d75a
2025-04-21T02:56:46.138+04:00 DEBUG 306888 --- [chat-app] [           main] org.hibernate.type.BasicTypeRegistry     : Adding type registration byte_vector -> org.hibernate.type.BasicTypeReference@677ce519
2025-04-21T02:56:46.138+04:00 DEBUG 306888 --- [chat-app] [           main] org.hibernate.type.BasicTypeRegistry     : Adding type registration row_version -> org.hibernate.type.BasicTypeReference@3e26482
2025-04-21T02:56:46.140+04:00 DEBUG 306888 --- [chat-app] [           main] org.hibernate.type.BasicTypeRegistry     : Adding type registration object -> org.hibernate.type.JavaObjectType@6f731759
2025-04-21T02:56:46.140+04:00 DEBUG 306888 --- [chat-app] [           main] org.hibernate.type.BasicTypeRegistry     : Adding type registration java.lang.Object -> org.hibernate.type.JavaObjectType@6f731759
2025-04-21T02:56:46.141+04:00 DEBUG 306888 --- [chat-app] [           main] org.hibernate.type.BasicTypeRegistry     : Adding type registration null -> org.hibernate.type.NullType@256a0d95
2025-04-21T02:56:46.141+04:00 DEBUG 306888 --- [chat-app] [           main] org.hibernate.type.BasicTypeRegistry     : Adding type registration imm_date -> org.hibernate.type.BasicTypeReference@2f3928ac
2025-04-21T02:56:46.141+04:00 DEBUG 306888 --- [chat-app] [           main] org.hibernate.type.BasicTypeRegistry     : Adding type registration imm_time -> org.hibernate.type.BasicTypeReference@4bf03fee
2025-04-21T02:56:46.141+04:00 DEBUG 306888 --- [chat-app] [           main] org.hibernate.type.BasicTypeRegistry     : Adding type registration imm_timestamp -> org.hibernate.type.BasicTypeReference@31834a2b
2025-04-21T02:56:46.141+04:00 DEBUG 306888 --- [chat-app] [           main] org.hibernate.type.BasicTypeRegistry     : Adding type registration imm_calendar -> org.hibernate.type.BasicTypeReference@44f0ff2b
2025-04-21T02:56:46.141+04:00 DEBUG 306888 --- [chat-app] [           main] org.hibernate.type.BasicTypeRegistry     : Adding type registration imm_calendar_date -> org.hibernate.type.BasicTypeReference@22ead351
2025-04-21T02:56:46.141+04:00 DEBUG 306888 --- [chat-app] [           main] org.hibernate.type.BasicTypeRegistry     : Adding type registration imm_calendar_time -> org.hibernate.type.BasicTypeReference@68af87ad
2025-04-21T02:56:46.141+04:00 DEBUG 306888 --- [chat-app] [           main] org.hibernate.type.BasicTypeRegistry     : Adding type registration imm_binary -> org.hibernate.type.BasicTypeReference@43d65a81
2025-04-21T02:56:46.141+04:00 DEBUG 306888 --- [chat-app] [           main] org.hibernate.type.BasicTypeRegistry     : Adding type registration imm_serializable -> org.hibernate.type.BasicTypeReference@9cfc77
2025-04-21T02:56:46.245+04:00  INFO 306888 --- [chat-app] [           main] o.s.o.j.p.SpringPersistenceUnitInfo      : No LoadTimeWeaver setup: ignoring JPA class transformer
2025-04-21T02:56:46.268+04:00  INFO 306888 --- [chat-app] [           main] com.zaxxer.hikari.HikariDataSource       : HikariPool-1 - Starting...
2025-04-21T02:56:46.452+04:00  INFO 306888 --- [chat-app] [           main] com.zaxxer.hikari.pool.HikariPool        : HikariPool-1 - Added connection org.postgresql.jdbc.PgConnection@5f5c187d
2025-04-21T02:56:46.454+04:00  INFO 306888 --- [chat-app] [           main] com.zaxxer.hikari.HikariDataSource       : HikariPool-1 - Start completed.
2025-04-21T02:56:46.498+04:00  INFO 306888 --- [chat-app] [           main] org.hibernate.orm.connections.pooling    : HHH10001005: Database info:
	Database JDBC URL [Connecting through datasource 'HikariDataSource (HikariPool-1)']
	Database driver: undefined/unknown
	Database version: 15.12
	Autocommit mode: undefined/unknown
	Isolation level: undefined/unknown
	Minimum pool size: undefined/unknown
	Maximum pool size: undefined/unknown
2025-04-21T02:56:46.502+04:00 DEBUG 306888 --- [chat-app] [           main] o.h.t.d.sql.spi.DdlTypeRegistry          : addDescriptor(2003, org.hibernate.type.descriptor.sql.internal.ArrayDdlTypeImpl@645ba24a) replaced previous registration(org.hibernate.type.descriptor.sql.internal.ArrayDdlTypeImpl@5f6a8efe)
2025-04-21T02:56:46.502+04:00 DEBUG 306888 --- [chat-app] [           main] o.h.t.d.sql.spi.DdlTypeRegistry          : addDescriptor(6, org.hibernate.type.descriptor.sql.internal.CapacityDependentDdlType@3dd2b9c1) replaced previous registration(org.hibernate.type.descriptor.sql.internal.DdlTypeImpl@6a1d1467)
2025-04-21T02:56:46.504+04:00 DEBUG 306888 --- [chat-app] [           main] o.h.t.d.jdbc.spi.JdbcTypeRegistry        : addDescriptor(2004, BlobTypeDescriptor(BLOB_BINDING)) replaced previous registration(BlobTypeDescriptor(DEFAULT))
2025-04-21T02:56:46.504+04:00 DEBUG 306888 --- [chat-app] [           main] o.h.t.d.jdbc.spi.JdbcTypeRegistry        : addDescriptor(2005, ClobTypeDescriptor(CLOB_BINDING)) replaced previous registration(ClobTypeDescriptor(DEFAULT))
2025-04-21T02:56:46.508+04:00 DEBUG 306888 --- [chat-app] [           main] org.hibernate.type.BasicTypeRegistry     : Adding type registration JAVA_OBJECT -> org.hibernate.type.JavaObjectType@350f18a6
2025-04-21T02:56:46.509+04:00 DEBUG 306888 --- [chat-app] [           main] org.hibernate.type.BasicTypeRegistry     : Adding type registration java.lang.Object -> org.hibernate.type.JavaObjectType@350f18a6
2025-04-21T02:56:46.509+04:00 DEBUG 306888 --- [chat-app] [           main] org.hibernate.type.BasicTypeRegistry     : Type registration key [java.lang.Object] overrode previous entry : `org.hibernate.type.JavaObjectType@6f731759`
2025-04-21T02:56:46.511+04:00 DEBUG 306888 --- [chat-app] [           main] org.hibernate.type.BasicTypeRegistry     : Adding type registration org.hibernate.type.DurationType -> basicType@1(java.time.Duration,3015)
2025-04-21T02:56:46.511+04:00 DEBUG 306888 --- [chat-app] [           main] org.hibernate.type.BasicTypeRegistry     : Adding type registration Duration -> basicType@1(java.time.Duration,3015)
2025-04-21T02:56:46.511+04:00 DEBUG 306888 --- [chat-app] [           main] org.hibernate.type.BasicTypeRegistry     : Adding type registration java.time.Duration -> basicType@1(java.time.Duration,3015)
2025-04-21T02:56:46.513+04:00 DEBUG 306888 --- [chat-app] [           main] org.hibernate.type.BasicTypeRegistry     : Adding type registration org.hibernate.type.OffsetDateTimeType -> basicType@2(java.time.OffsetDateTime,3003)
2025-04-21T02:56:46.513+04:00 DEBUG 306888 --- [chat-app] [           main] org.hibernate.type.BasicTypeRegistry     : Adding type registration OffsetDateTime -> basicType@2(java.time.OffsetDateTime,3003)
2025-04-21T02:56:46.513+04:00 DEBUG 306888 --- [chat-app] [           main] org.hibernate.type.BasicTypeRegistry     : Adding type registration java.time.OffsetDateTime -> basicType@2(java.time.OffsetDateTime,3003)
2025-04-21T02:56:46.513+04:00 DEBUG 306888 --- [chat-app] [           main] org.hibernate.type.BasicTypeRegistry     : Adding type registration org.hibernate.type.ZonedDateTimeType -> basicType@3(java.time.ZonedDateTime,3003)
2025-04-21T02:56:46.513+04:00 DEBUG 306888 --- [chat-app] [           main] org.hibernate.type.BasicTypeRegistry     : Adding type registration ZonedDateTime -> basicType@3(java.time.ZonedDateTime,3003)
2025-04-21T02:56:46.513+04:00 DEBUG 306888 --- [chat-app] [           main] org.hibernate.type.BasicTypeRegistry     : Adding type registration java.time.ZonedDateTime -> basicType@3(java.time.ZonedDateTime,3003)
2025-04-21T02:56:46.514+04:00 DEBUG 306888 --- [chat-app] [           main] org.hibernate.type.BasicTypeRegistry     : Adding type registration org.hibernate.type.OffsetTimeType -> basicType@4(java.time.OffsetTime,3007)
2025-04-21T02:56:46.514+04:00 DEBUG 306888 --- [chat-app] [           main] org.hibernate.type.BasicTypeRegistry     : Adding type registration OffsetTime -> basicType@4(java.time.OffsetTime,3007)
2025-04-21T02:56:46.514+04:00 DEBUG 306888 --- [chat-app] [           main] org.hibernate.type.BasicTypeRegistry     : Adding type registration java.time.OffsetTime -> basicType@4(java.time.OffsetTime,3007)
2025-04-21T02:56:46.515+04:00 DEBUG 306888 --- [chat-app] [           main] o.h.type.spi.TypeConfiguration$Scope     : Scoping TypeConfiguration [org.hibernate.type.spi.TypeConfiguration@4315fe1b] to MetadataBuildingContext [org.hibernate.boot.internal.MetadataBuildingContextRootImpl@34e990cc]
2025-04-21T02:56:47.056+04:00  INFO 306888 --- [chat-app] [           main] o.h.e.t.j.p.i.JtaPlatformInitiator       : HHH000489: No JTA platform available (set 'hibernate.transaction.jta.platform' to enable JTA platform integration)
2025-04-21T02:56:47.057+04:00 DEBUG 306888 --- [chat-app] [           main] o.h.type.spi.TypeConfiguration$Scope     : Scoping TypeConfiguration [org.hibernate.type.spi.TypeConfiguration@4315fe1b] to SessionFactoryImplementor [org.hibernate.internal.SessionFactoryImpl@15c3585]
2025-04-21T02:56:47.058+04:00 TRACE 306888 --- [chat-app] [           main] o.h.type.spi.TypeConfiguration$Scope     : Handling #sessionFactoryCreated from [org.hibernate.internal.SessionFactoryImpl@15c3585] for TypeConfiguration
2025-04-21T02:56:47.058+04:00  INFO 306888 --- [chat-app] [           main] j.LocalContainerEntityManagerFactoryBean : Initialized JPA EntityManagerFactory for persistence unit 'default'
2025-04-21T02:56:47.410+04:00  WARN 306888 --- [chat-app] [           main] JpaBaseConfiguration$JpaWebConfiguration : spring.jpa.open-in-view is enabled by default. Therefore, database queries may be performed during view rendering. Explicitly configure spring.jpa.open-in-view to disable this warning
2025-04-21T02:56:47.677+04:00  INFO 306888 --- [chat-app] [           main] o.s.m.s.b.SimpleBrokerMessageHandler     : Starting...
2025-04-21T02:56:47.678+04:00  INFO 306888 --- [chat-app] [           main] o.s.m.s.b.SimpleBrokerMessageHandler     : BrokerAvailabilityEvent[available=true, SimpleBrokerMessageHandler [org.springframework.messaging.simp.broker.DefaultSubscriptionRegistry@674c01ce]]
2025-04-21T02:56:47.678+04:00  INFO 306888 --- [chat-app] [           main] o.s.m.s.b.SimpleBrokerMessageHandler     : Started.
2025-04-21T02:56:47.684+04:00  INFO 306888 --- [chat-app] [           main] c.e.chat_app.ChatAppApplicationTests     : Started ChatAppApplicationTests in 2.476 seconds (process running for 3.066)
]]></system-out>
  </testcase>
</testsuite>